<?xml version="1.0" encoding="utf-8"?>
<CoverageSession xmlns:xsd="http://www.w3.org/2001/XMLSchema" xmlns:xsi="http://www.w3.org/2001/XMLSchema-instance" Version="0.0.0.0">
  <Summary numSequencePoints="219" visitedSequencePoints="215" numBranchPoints="0" visitedBranchPoints="0" sequenceCoverage="98.17" branchCoverage="0.0" maxCyclomaticComplexity="0" minCyclomaticComplexity="0" maxCrapScore="0" minCrapScore="0" visitedClasses="12" numClasses="12" visitedMethods="45" numMethods="45" />
  <Modules>
    <Module>
      <Summary numSequencePoints="219" visitedSequencePoints="215" numBranchPoints="0" visitedBranchPoints="0" sequenceCoverage="98.17" branchCoverage="0.0" maxCyclomaticComplexity="0" minCyclomaticComplexity="0" maxCrapScore="0" minCrapScore="0" visitedClasses="12" numClasses="12" visitedMethods="45" numMethods="45" />
      <ModuleTime>0001-01-01T00:00:00</ModuleTime>
      <ModuleName>MVPFrogger.Runtime</ModuleName>
      <Files>
        <File uid="1" fullPath="C:/Users/Maxi-/MVPFrogger/Assets/Scripts/Views/GameHudView.cs" />
        <File uid="2" fullPath="C:/Users/Maxi-/MVPFrogger/Assets/Scripts/Views/GameInputView.cs" />
        <File uid="3" fullPath="C:/Users/Maxi-/MVPFrogger/Assets/Scripts/Views/MainMenuView.cs" />
        <File uid="4" fullPath="C:/Users/Maxi-/MVPFrogger/Assets/Scripts/Views/ObstacleView.cs" />
        <File uid="5" fullPath="C:/Users/Maxi-/MVPFrogger/Assets/Scripts/Views/PlayerAnimatorView.cs" />
        <File uid="6" fullPath="C:/Users/Maxi-/MVPFrogger/Assets/Scripts/Views/PlayerCameraView.cs" />
        <File uid="7" fullPath="C:/Users/Maxi-/MVPFrogger/Assets/Scripts/Views/PlayerView.cs" />
        <File uid="8" fullPath="C:/Users/Maxi-/MVPFrogger/Assets/Scripts/Views/UnityApplicationQuitView.cs" />
        <File uid="9" fullPath="C:/Users/Maxi-/MVPFrogger/Assets/Scripts/Views/UnityCarSpawnerView.cs" />
        <File uid="10" fullPath="C:/Users/Maxi-/MVPFrogger/Assets/Scripts/Views/UnitySceneNavigationView.cs" />
        <File uid="11" fullPath="C:/Users/Maxi-/MVPFrogger/Assets/Scripts/Presentation/ApplicationQuitPresenter.cs" />
        <File uid="12" fullPath="C:/Users/Maxi-/MVPFrogger/Assets/Scripts/Presentation/CarSpawnerPresenter.cs" />
        <File uid="13" fullPath="C:/Users/Maxi-/MVPFrogger/Assets/Scripts/Presentation/GameHudPresenter.cs" />
        <File uid="14" fullPath="C:/Users/Maxi-/MVPFrogger/Assets/Scripts/Presentation/GameInputPresenter.cs" />
        <File uid="15" fullPath="C:/Users/Maxi-/MVPFrogger/Assets/Scripts/Presentation/MainMenuPresenter.cs" />
        <File uid="16" fullPath="C:/Users/Maxi-/MVPFrogger/Assets/Scripts/Presentation/NullApplicationQuitView.cs" />
        <File uid="17" fullPath="C:/Users/Maxi-/MVPFrogger/Assets/Scripts/Presentation/NullPlayerAnimationView.cs" />
        <File uid="18" fullPath="C:/Users/Maxi-/MVPFrogger/Assets/Scripts/Presentation/NullSceneNavigationView.cs" />
        <File uid="19" fullPath="C:/Users/Maxi-/MVPFrogger/Assets/Scripts/Presentation/ObstaclePresenter.cs" />
        <File uid="20" fullPath="C:/Users/Maxi-/MVPFrogger/Assets/Scripts/Presentation/PlayerAnimationPresenter.cs" />
        <File uid="21" fullPath="C:/Users/Maxi-/MVPFrogger/Assets/Scripts/Presentation/PlayerPresenter.cs" />
        <File uid="22" fullPath="C:/Users/Maxi-/MVPFrogger/Assets/Scripts/Presentation/SceneNavigationPresenter.cs" />
        <File uid="23" fullPath="C:/Users/Maxi-/MVPFrogger/Assets/Scripts/Model/CarSpawnerModel.cs" />
        <File uid="24" fullPath="C:/Users/Maxi-/MVPFrogger/Assets/Scripts/Model/FroggerGameModel.cs" />
        <File uid="25" fullPath="C:/Users/Maxi-/MVPFrogger/Assets/Scripts/Model/ObstacleModel.cs" />
        <File uid="26" fullPath="C:/Users/Maxi-/MVPFrogger/Assets/Scripts/Factories/UnityCarFactory.cs" />
        <File uid="27" fullPath="C:/Users/Maxi-/MVPFrogger/Assets/Scripts/Configuration/CarMovementConfig.cs" />
        <File uid="28" fullPath="C:/Users/Maxi-/MVPFrogger/Assets/Scripts/Configuration/CarSpawnerConfig.cs" />
        <File uid="29" fullPath="C:/Users/Maxi-/MVPFrogger/Assets/Scripts/Bindings/GamePresenterBinding.cs" />
        <File uid="30" fullPath="C:/Users/Maxi-/MVPFrogger/Assets/Scripts/Bindings/MainMenuPresenterBinding.cs" />
        <File uid="31" fullPath="C:/Users/Maxi-/MVPFrogger/Assets/Scripts/Bindings/ObstaclePresenterBinding.cs" />
      </Files>
      <Classes>
        <Class>
          <Summary numSequencePoints="7" visitedSequencePoints="7" numBranchPoints="0" visitedBranchPoints="0" sequenceCoverage="100.0" branchCoverage="0.0" maxCyclomaticComplexity="0" minCyclomaticComplexity="0" maxCrapScore="0" minCrapScore="0" visitedClasses="1" numClasses="1" visitedMethods="2" numMethods="2" />
          <FullName>MVPFrogger.Presentation.ApplicationQuitPresenter</FullName>
          <Methods>
            <Method visited="true" cyclomaticComplexity="0" nPathComplexity="0" sequenceCoverage="100.0" branchCoverage="0" crapScore="0" isConstructor="false" isStatic="false" isGetter="false" isSetter="false">
              <Summary numSequencePoints="3" visitedSequencePoints="3" numBranchPoints="0" visitedBranchPoints="0" sequenceCoverage="100.0" branchCoverage="0" maxCyclomaticComplexity="0" minCyclomaticComplexity="0" maxCrapScore="0" minCrapScore="0" visitedClasses="0" numClasses="0" visitedMethods="1" numMethods="1" />
              <MetadataToken>100663363</MetadataToken>
              <Name>System.Void MVPFrogger.Presentation.ApplicationQuitPresenter::Quit()</Name>
              <FileRef uid="11" />
              <SequencePoints>
                <SequencePoint vc="1" uspid="805" ordinal="0" offset="0" sl="13" sc="9" el="13" ec="9" bec="0" bev="0" fileid="11" />
                <SequencePoint vc="1" uspid="806" ordinal="0" offset="1" sl="14" sc="13" el="14" ec="13" bec="0" bev="0" fileid="11" />
                <SequencePoint vc="1" uspid="807" ordinal="0" offset="13" sl="15" sc="9" el="15" ec="9" bec="0" bev="0" fileid="11" />
              </SequencePoints>
              <BranchPoints />
            </Method>
            <Method visited="true" cyclomaticComplexity="0" nPathComplexity="0" sequenceCoverage="100.0" branchCoverage="0" crapScore="0" isConstructor="true" isStatic="false" isGetter="false" isSetter="false">
              <Summary numSequencePoints="4" visitedSequencePoints="4" numBranchPoints="0" visitedBranchPoints="0" sequenceCoverage="100.0" branchCoverage="0" maxCyclomaticComplexity="0" minCyclomaticComplexity="0" maxCrapScore="0" minCrapScore="0" visitedClasses="0" numClasses="0" visitedMethods="1" numMethods="1" />
              <MetadataToken>100663362</MetadataToken>
              <Name>MVPFrogger.Presentation.ApplicationQuitPresenter::ApplicationQuitPresenter(MVPFrogger.Presentation.IApplicationQuitView)</Name>
              <FileRef uid="11" />
              <SequencePoints>
                <SequencePoint vc="1" uspid="808" ordinal="0" offset="0" sl="7" sc="9" el="7" ec="9" bec="0" bev="0" fileid="11" />
                <SequencePoint vc="1" uspid="809" ordinal="0" offset="7" sl="8" sc="9" el="8" ec="9" bec="0" bev="0" fileid="11" />
                <SequencePoint vc="1" uspid="810" ordinal="0" offset="8" sl="9" sc="13" el="9" ec="13" bec="0" bev="0" fileid="11" />
                <SequencePoint vc="1" uspid="811" ordinal="0" offset="15" sl="10" sc="9" el="10" ec="9" bec="0" bev="0" fileid="11" />
              </SequencePoints>
              <BranchPoints />
            </Method>
          </Methods>
        </Class>
        <Class>
          <Summary numSequencePoints="11" visitedSequencePoints="11" numBranchPoints="0" visitedBranchPoints="0" sequenceCoverage="100.0" branchCoverage="0.0" maxCyclomaticComplexity="0" minCyclomaticComplexity="0" maxCrapScore="0" minCrapScore="0" visitedClasses="1" numClasses="1" visitedMethods="2" numMethods="2" />
          <FullName>MVPFrogger.Presentation.CarSpawnerPresenter</FullName>
          <Methods>
            <Method visited="true" cyclomaticComplexity="0" nPathComplexity="0" sequenceCoverage="100.0" branchCoverage="0" crapScore="0" isConstructor="false" isStatic="false" isGetter="false" isSetter="false">
              <Summary numSequencePoints="6" visitedSequencePoints="6" numBranchPoints="0" visitedBranchPoints="0" sequenceCoverage="100.0" branchCoverage="0" maxCyclomaticComplexity="0" minCyclomaticComplexity="0" maxCrapScore="0" minCrapScore="0" visitedClasses="0" numClasses="0" visitedMethods="1" numMethods="1" />
              <MetadataToken>100663365</MetadataToken>
              <Name>System.Void MVPFrogger.Presentation.CarSpawnerPresenter::Tick(System.Single)</Name>
              <FileRef uid="12" />
              <SequencePoints>
                <SequencePoint vc="2" uspid="812" ordinal="0" offset="0" sl="17" sc="9" el="17" ec="9" bec="0" bev="0" fileid="12" />
                <SequencePoint vc="2" uspid="813" ordinal="0" offset="1" sl="18" sc="13" el="18" ec="13" bec="0" bev="0" fileid="12" />
                <SequencePoint vc="1" uspid="814" ordinal="0" offset="17" sl="19" sc="13" el="19" ec="13" bec="0" bev="0" fileid="12" />
                <SequencePoint vc="1" uspid="815" ordinal="0" offset="18" sl="20" sc="17" el="20" ec="17" bec="0" bev="0" fileid="12" />
                <SequencePoint vc="1" uspid="816" ordinal="0" offset="30" sl="21" sc="13" el="21" ec="13" bec="0" bev="0" fileid="12" />
                <SequencePoint vc="2" uspid="817" ordinal="0" offset="31" sl="22" sc="9" el="22" ec="9" bec="0" bev="0" fileid="12" />
              </SequencePoints>
              <BranchPoints />
            </Method>
            <Method visited="true" cyclomaticComplexity="0" nPathComplexity="0" sequenceCoverage="100.0" branchCoverage="0" crapScore="0" isConstructor="true" isStatic="false" isGetter="false" isSetter="false">
              <Summary numSequencePoints="5" visitedSequencePoints="5" numBranchPoints="0" visitedBranchPoints="0" sequenceCoverage="100.0" branchCoverage="0" maxCyclomaticComplexity="0" minCyclomaticComplexity="0" maxCrapScore="0" minCrapScore="0" visitedClasses="0" numClasses="0" visitedMethods="1" numMethods="1" />
              <MetadataToken>100663364</MetadataToken>
              <Name>MVPFrogger.Presentation.CarSpawnerPresenter::CarSpawnerPresenter(MVPFrogger.Model.CarSpawnerModel, MVPFrogger.Presentation.ICarSpawnerView)</Name>
              <FileRef uid="12" />
              <SequencePoints>
                <SequencePoint vc="1" uspid="818" ordinal="0" offset="0" sl="10" sc="9" el="10" ec="9" bec="0" bev="0" fileid="12" />
                <SequencePoint vc="1" uspid="819" ordinal="0" offset="7" sl="11" sc="9" el="11" ec="9" bec="0" bev="0" fileid="12" />
                <SequencePoint vc="1" uspid="820" ordinal="0" offset="8" sl="12" sc="13" el="12" ec="13" bec="0" bev="0" fileid="12" />
                <SequencePoint vc="1" uspid="821" ordinal="0" offset="15" sl="13" sc="13" el="13" ec="13" bec="0" bev="0" fileid="12" />
                <SequencePoint vc="1" uspid="822" ordinal="0" offset="22" sl="14" sc="9" el="14" ec="9" bec="0" bev="0" fileid="12" />
              </SequencePoints>
              <BranchPoints />
            </Method>
          </Methods>
        </Class>
        <Class>
          <Summary numSequencePoints="28" visitedSequencePoints="28" numBranchPoints="0" visitedBranchPoints="0" sequenceCoverage="100.0" branchCoverage="0.0" maxCyclomaticComplexity="0" minCyclomaticComplexity="0" maxCrapScore="0" minCrapScore="0" visitedClasses="1" numClasses="1" visitedMethods="4" numMethods="4" />
          <FullName>MVPFrogger.Presentation.GameHudPresenter</FullName>
          <Methods>
            <Method visited="true" cyclomaticComplexity="0" nPathComplexity="0" sequenceCoverage="100.0" branchCoverage="0" crapScore="0" isConstructor="false" isStatic="false" isGetter="false" isSetter="false">
              <Summary numSequencePoints="7" visitedSequencePoints="7" numBranchPoints="0" visitedBranchPoints="0" sequenceCoverage="100.0" branchCoverage="0" maxCyclomaticComplexity="0" minCyclomaticComplexity="0" maxCrapScore="0" minCrapScore="0" visitedClasses="0" numClasses="0" visitedMethods="1" numMethods="1" />
              <MetadataToken>100663368</MetadataToken>
              <Name>System.Void MVPFrogger.Presentation.GameHudPresenter::Refresh()</Name>
              <FileRef uid="13" />
              <SequencePoints>
                <SequencePoint vc="9" uspid="828" ordinal="0" offset="0" sl="41" sc="9" el="41" ec="9" bec="0" bev="0" fileid="13" />
                <SequencePoint vc="9" uspid="829" ordinal="0" offset="1" sl="42" sc="13" el="42" ec="13" bec="0" bev="0" fileid="13" />
                <SequencePoint vc="1" uspid="830" ordinal="0" offset="19" sl="43" sc="13" el="43" ec="13" bec="0" bev="0" fileid="13" />
                <SequencePoint vc="1" uspid="831" ordinal="0" offset="20" sl="44" sc="17" el="44" ec="17" bec="0" bev="0" fileid="13" />
                <SequencePoint vc="1" uspid="832" ordinal="0" offset="32" sl="45" sc="17" el="45" ec="17" bec="0" bev="0" fileid="13" />
                <SequencePoint vc="8" uspid="833" ordinal="0" offset="34" sl="48" sc="13" el="48" ec="13" bec="0" bev="0" fileid="13" />
                <SequencePoint vc="9" uspid="834" ordinal="0" offset="68" sl="49" sc="9" el="49" ec="9" bec="0" bev="0" fileid="13" />
              </SequencePoints>
              <BranchPoints />
            </Method>
            <Method visited="true" cyclomaticComplexity="0" nPathComplexity="0" sequenceCoverage="100.0" branchCoverage="0" crapScore="0" isConstructor="false" isStatic="false" isGetter="false" isSetter="false">
              <Summary numSequencePoints="6" visitedSequencePoints="6" numBranchPoints="0" visitedBranchPoints="0" sequenceCoverage="100.0" branchCoverage="0" maxCyclomaticComplexity="0" minCyclomaticComplexity="0" maxCrapScore="0" minCrapScore="0" visitedClasses="0" numClasses="0" visitedMethods="1" numMethods="1" />
              <MetadataToken>100663369</MetadataToken>
              <Name>System.Void MVPFrogger.Presentation.GameHudPresenter::OnPlayAgainRequested()</Name>
              <FileRef uid="13" />
              <SequencePoints>
                <SequencePoint vc="1" uspid="835" ordinal="0" offset="0" sl="52" sc="9" el="52" ec="9" bec="0" bev="0" fileid="13" />
                <SequencePoint vc="1" uspid="836" ordinal="0" offset="1" sl="53" sc="13" el="53" ec="13" bec="0" bev="0" fileid="13" />
                <SequencePoint vc="1" uspid="837" ordinal="0" offset="13" sl="54" sc="13" el="54" ec="13" bec="0" bev="0" fileid="13" />
                <SequencePoint vc="1" uspid="838" ordinal="0" offset="25" sl="55" sc="13" el="55" ec="13" bec="0" bev="0" fileid="13" />
                <SequencePoint vc="1" uspid="839" ordinal="0" offset="38" sl="56" sc="13" el="56" ec="13" bec="0" bev="0" fileid="13" />
                <SequencePoint vc="1" uspid="840" ordinal="0" offset="45" sl="57" sc="9" el="57" ec="9" bec="0" bev="0" fileid="13" />
              </SequencePoints>
              <BranchPoints />
            </Method>
            <Method visited="true" cyclomaticComplexity="0" nPathComplexity="0" sequenceCoverage="100.0" branchCoverage="0" crapScore="0" isConstructor="false" isStatic="false" isGetter="false" isSetter="false">
              <Summary numSequencePoints="3" visitedSequencePoints="3" numBranchPoints="0" visitedBranchPoints="0" sequenceCoverage="100.0" branchCoverage="0" maxCyclomaticComplexity="0" minCyclomaticComplexity="0" maxCrapScore="0" minCrapScore="0" visitedClasses="0" numClasses="0" visitedMethods="1" numMethods="1" />
              <MetadataToken>100663370</MetadataToken>
              <Name>System.Void MVPFrogger.Presentation.GameHudPresenter::OnBackToMenuRequested()</Name>
              <FileRef uid="13" />
              <SequencePoints>
                <SequencePoint vc="1" uspid="841" ordinal="0" offset="0" sl="60" sc="9" el="60" ec="9" bec="0" bev="0" fileid="13" />
                <SequencePoint vc="1" uspid="842" ordinal="0" offset="1" sl="61" sc="13" el="61" ec="13" bec="0" bev="0" fileid="13" />
                <SequencePoint vc="1" uspid="843" ordinal="0" offset="13" sl="62" sc="9" el="62" ec="9" bec="0" bev="0" fileid="13" />
              </SequencePoints>
              <BranchPoints />
            </Method>
            <Method visited="true" cyclomaticComplexity="0" nPathComplexity="0" sequenceCoverage="100.0" branchCoverage="0" crapScore="0" isConstructor="true" isStatic="false" isGetter="false" isSetter="false">
              <Summary numSequencePoints="12" visitedSequencePoints="12" numBranchPoints="0" visitedBranchPoints="0" sequenceCoverage="100.0" branchCoverage="0" maxCyclomaticComplexity="0" minCyclomaticComplexity="0" maxCrapScore="0" minCrapScore="0" visitedClasses="0" numClasses="0" visitedMethods="1" numMethods="1" />
              <MetadataToken>100663366</MetadataToken>
              <Name>MVPFrogger.Presentation.GameHudPresenter::GameHudPresenter(MVPFrogger.Model.FroggerGameModel, MVPFrogger.Presentation.IGameHudView, MVPFrogger.Presentation.PlayerPresenter, MVPFrogger.Presentation.PlayerAnimationPresenter, MVPFrogger.Presentation.SceneNavigationPresenter)</Name>
              <FileRef uid="13" />
              <SequencePoints>
                <SequencePoint vc="4" uspid="844" ordinal="0" offset="0" sl="14" sc="9" el="14" ec="9" bec="0" bev="0" fileid="13" />
                <SequencePoint vc="4" uspid="845" ordinal="0" offset="7" sl="20" sc="9" el="20" ec="9" bec="0" bev="0" fileid="13" />
                <SequencePoint vc="4" uspid="846" ordinal="0" offset="8" sl="21" sc="13" el="21" ec="13" bec="0" bev="0" fileid="13" />
                <SequencePoint vc="4" uspid="847" ordinal="0" offset="15" sl="22" sc="13" el="22" ec="13" bec="0" bev="0" fileid="13" />
                <SequencePoint vc="4" uspid="848" ordinal="0" offset="22" sl="23" sc="13" el="23" ec="13" bec="0" bev="0" fileid="13" />
                <SequencePoint vc="4" uspid="849" ordinal="0" offset="29" sl="24" sc="13" el="24" ec="13" bec="0" bev="0" fileid="13" />
                <SequencePoint vc="4" uspid="850" ordinal="0" offset="37" sl="25" sc="13" el="25" ec="13" bec="0" bev="0" fileid="13" />
                <SequencePoint vc="4" uspid="851" ordinal="0" offset="45" sl="27" sc="13" el="27" ec="13" bec="0" bev="0" fileid="13" />
                <SequencePoint vc="4" uspid="852" ordinal="0" offset="64" sl="28" sc="13" el="28" ec="13" bec="0" bev="0" fileid="13" />
                <SequencePoint vc="4" uspid="853" ordinal="0" offset="83" sl="29" sc="13" el="29" ec="13" bec="0" bev="0" fileid="13" />
                <SequencePoint vc="4" uspid="854" ordinal="0" offset="102" sl="30" sc="13" el="30" ec="13" bec="0" bev="0" fileid="13" />
                <SequencePoint vc="4" uspid="855" ordinal="0" offset="109" sl="31" sc="9" el="31" ec="9" bec="0" bev="0" fileid="13" />
              </SequencePoints>
              <BranchPoints />
            </Method>
          </Methods>
        </Class>
        <Class>
          <Summary numSequencePoints="31" visitedSequencePoints="31" numBranchPoints="0" visitedBranchPoints="0" sequenceCoverage="100.0" branchCoverage="0.0" maxCyclomaticComplexity="0" minCyclomaticComplexity="0" maxCrapScore="0" minCrapScore="0" visitedClasses="1" numClasses="1" visitedMethods="3" numMethods="3" />
          <FullName>MVPFrogger.Presentation.GameInputPresenter</FullName>
          <Methods>
            <Method visited="true" cyclomaticComplexity="0" nPathComplexity="0" sequenceCoverage="100.0" branchCoverage="0" crapScore="0" isConstructor="false" isStatic="false" isGetter="false" isSetter="false">
              <Summary numSequencePoints="10" visitedSequencePoints="10" numBranchPoints="0" visitedBranchPoints="0" sequenceCoverage="100.0" branchCoverage="0" maxCyclomaticComplexity="0" minCyclomaticComplexity="0" maxCrapScore="0" minCrapScore="0" visitedClasses="0" numClasses="0" visitedMethods="1" numMethods="1" />
              <MetadataToken>100663373</MetadataToken>
              <Name>System.Void MVPFrogger.Presentation.GameInputPresenter::OnMoveForwardRequested()</Name>
              <FileRef uid="14" />
              <SequencePoints>
                <SequencePoint vc="3" uspid="861" ordinal="0" offset="0" sl="40" sc="9" el="40" ec="9" bec="0" bev="0" fileid="14" />
                <SequencePoint vc="3" uspid="862" ordinal="0" offset="1" sl="41" sc="13" el="41" ec="13" bec="0" bev="0" fileid="14" />
                <SequencePoint vc="3" uspid="863" ordinal="0" offset="13" sl="42" sc="13" el="42" ec="13" bec="0" bev="0" fileid="14" />
                <SequencePoint vc="3" uspid="864" ordinal="0" offset="25" sl="44" sc="13" el="44" ec="13" bec="0" bev="0" fileid="14" />
                <SequencePoint vc="3" uspid="865" ordinal="0" offset="46" sl="45" sc="13" el="45" ec="13" bec="0" bev="0" fileid="14" />
                <SequencePoint vc="3" uspid="866" ordinal="0" offset="47" sl="46" sc="17" el="46" ec="17" bec="0" bev="0" fileid="14" />
                <SequencePoint vc="3" uspid="867" ordinal="0" offset="59" sl="47" sc="17" el="47" ec="17" bec="0" bev="0" fileid="14" />
                <SequencePoint vc="3" uspid="868" ordinal="0" offset="72" sl="48" sc="13" el="48" ec="13" bec="0" bev="0" fileid="14" />
                <SequencePoint vc="3" uspid="869" ordinal="0" offset="73" sl="50" sc="13" el="50" ec="13" bec="0" bev="0" fileid="14" />
                <SequencePoint vc="3" uspid="870" ordinal="0" offset="85" sl="51" sc="9" el="51" ec="9" bec="0" bev="0" fileid="14" />
              </SequencePoints>
              <BranchPoints />
            </Method>
            <Method visited="true" cyclomaticComplexity="0" nPathComplexity="0" sequenceCoverage="100.0" branchCoverage="0" crapScore="0" isConstructor="false" isStatic="false" isGetter="false" isSetter="false">
              <Summary numSequencePoints="10" visitedSequencePoints="10" numBranchPoints="0" visitedBranchPoints="0" sequenceCoverage="100.0" branchCoverage="0" maxCyclomaticComplexity="0" minCyclomaticComplexity="0" maxCrapScore="0" minCrapScore="0" visitedClasses="0" numClasses="0" visitedMethods="1" numMethods="1" />
              <MetadataToken>100663374</MetadataToken>
              <Name>System.Void MVPFrogger.Presentation.GameInputPresenter::OnMoveBackwardRequested()</Name>
              <FileRef uid="14" />
              <SequencePoints>
                <SequencePoint vc="1" uspid="871" ordinal="0" offset="0" sl="54" sc="9" el="54" ec="9" bec="0" bev="0" fileid="14" />
                <SequencePoint vc="1" uspid="872" ordinal="0" offset="1" sl="55" sc="13" el="55" ec="13" bec="0" bev="0" fileid="14" />
                <SequencePoint vc="1" uspid="873" ordinal="0" offset="13" sl="56" sc="13" el="56" ec="13" bec="0" bev="0" fileid="14" />
                <SequencePoint vc="1" uspid="874" ordinal="0" offset="25" sl="58" sc="13" el="58" ec="13" bec="0" bev="0" fileid="14" />
                <SequencePoint vc="1" uspid="875" ordinal="0" offset="46" sl="59" sc="13" el="59" ec="13" bec="0" bev="0" fileid="14" />
                <SequencePoint vc="1" uspid="876" ordinal="0" offset="47" sl="60" sc="17" el="60" ec="17" bec="0" bev="0" fileid="14" />
                <SequencePoint vc="1" uspid="877" ordinal="0" offset="59" sl="61" sc="17" el="61" ec="17" bec="0" bev="0" fileid="14" />
                <SequencePoint vc="1" uspid="878" ordinal="0" offset="72" sl="62" sc="13" el="62" ec="13" bec="0" bev="0" fileid="14" />
                <SequencePoint vc="1" uspid="879" ordinal="0" offset="73" sl="64" sc="13" el="64" ec="13" bec="0" bev="0" fileid="14" />
                <SequencePoint vc="1" uspid="880" ordinal="0" offset="85" sl="65" sc="9" el="65" ec="9" bec="0" bev="0" fileid="14" />
              </SequencePoints>
              <BranchPoints />
            </Method>
            <Method visited="true" cyclomaticComplexity="0" nPathComplexity="0" sequenceCoverage="100.0" branchCoverage="0" crapScore="0" isConstructor="true" isStatic="false" isGetter="false" isSetter="false">
              <Summary numSequencePoints="11" visitedSequencePoints="11" numBranchPoints="0" visitedBranchPoints="0" sequenceCoverage="100.0" branchCoverage="0" maxCyclomaticComplexity="0" minCyclomaticComplexity="0" maxCrapScore="0" minCrapScore="0" visitedClasses="0" numClasses="0" visitedMethods="1" numMethods="1" />
              <MetadataToken>100663371</MetadataToken>
              <Name>MVPFrogger.Presentation.GameInputPresenter::GameInputPresenter(MVPFrogger.Model.FroggerGameModel, MVPFrogger.Presentation.IGameInputView, MVPFrogger.Presentation.PlayerPresenter, MVPFrogger.Presentation.PlayerAnimationPresenter, MVPFrogger.Presentation.GameHudPresenter)</Name>
              <FileRef uid="14" />
              <SequencePoints>
                <SequencePoint vc="4" uspid="887" ordinal="0" offset="0" sl="14" sc="9" el="14" ec="9" bec="0" bev="0" fileid="14" />
                <SequencePoint vc="4" uspid="888" ordinal="0" offset="7" sl="20" sc="9" el="20" ec="9" bec="0" bev="0" fileid="14" />
                <SequencePoint vc="4" uspid="889" ordinal="0" offset="8" sl="21" sc="13" el="21" ec="13" bec="0" bev="0" fileid="14" />
                <SequencePoint vc="4" uspid="890" ordinal="0" offset="15" sl="22" sc="13" el="22" ec="13" bec="0" bev="0" fileid="14" />
                <SequencePoint vc="4" uspid="891" ordinal="0" offset="22" sl="23" sc="13" el="23" ec="13" bec="0" bev="0" fileid="14" />
                <SequencePoint vc="4" uspid="892" ordinal="0" offset="29" sl="24" sc="13" el="24" ec="13" bec="0" bev="0" fileid="14" />
                <SequencePoint vc="4" uspid="893" ordinal="0" offset="37" sl="25" sc="13" el="25" ec="13" bec="0" bev="0" fileid="14" />
                <SequencePoint vc="4" uspid="894" ordinal="0" offset="45" sl="27" sc="13" el="27" ec="13" bec="0" bev="0" fileid="14" />
                <SequencePoint vc="4" uspid="895" ordinal="0" offset="64" sl="28" sc="13" el="28" ec="13" bec="0" bev="0" fileid="14" />
                <SequencePoint vc="4" uspid="896" ordinal="0" offset="83" sl="29" sc="13" el="29" ec="13" bec="0" bev="0" fileid="14" />
                <SequencePoint vc="4" uspid="897" ordinal="0" offset="102" sl="30" sc="9" el="30" ec="9" bec="0" bev="0" fileid="14" />
              </SequencePoints>
              <BranchPoints />
            </Method>
          </Methods>
        </Class>
        <Class>
          <Summary numSequencePoints="18" visitedSequencePoints="18" numBranchPoints="0" visitedBranchPoints="0" sequenceCoverage="100.0" branchCoverage="0.0" maxCyclomaticComplexity="0" minCyclomaticComplexity="0" maxCrapScore="0" minCrapScore="0" visitedClasses="1" numClasses="1" visitedMethods="4" numMethods="4" />
          <FullName>MVPFrogger.Presentation.MainMenuPresenter</FullName>
          <Methods>
            <Method visited="true" cyclomaticComplexity="0" nPathComplexity="0" sequenceCoverage="100.0" branchCoverage="0" crapScore="0" isConstructor="false" isStatic="false" isGetter="false" isSetter="false">
              <Summary numSequencePoints="4" visitedSequencePoints="4" numBranchPoints="0" visitedBranchPoints="0" sequenceCoverage="100.0" branchCoverage="0" maxCyclomaticComplexity="0" minCyclomaticComplexity="0" maxCrapScore="0" minCrapScore="0" visitedClasses="0" numClasses="0" visitedMethods="1" numMethods="1" />
              <MetadataToken>100663406</MetadataToken>
              <Name>System.Void MVPFrogger.Presentation.MainMenuPresenter::Dispose()</Name>
              <FileRef uid="15" />
              <SequencePoints>
                <SequencePoint vc="1" uspid="898" ordinal="0" offset="0" sl="25" sc="9" el="25" ec="9" bec="0" bev="0" fileid="15" />
                <SequencePoint vc="1" uspid="899" ordinal="0" offset="1" sl="26" sc="13" el="26" ec="13" bec="0" bev="0" fileid="15" />
                <SequencePoint vc="1" uspid="900" ordinal="0" offset="25" sl="27" sc="13" el="27" ec="13" bec="0" bev="0" fileid="15" />
                <SequencePoint vc="1" uspid="901" ordinal="0" offset="49" sl="28" sc="9" el="28" ec="9" bec="0" bev="0" fileid="15" />
              </SequencePoints>
              <BranchPoints />
            </Method>
            <Method visited="true" cyclomaticComplexity="0" nPathComplexity="0" sequenceCoverage="100.0" branchCoverage="0" crapScore="0" isConstructor="false" isStatic="false" isGetter="false" isSetter="false">
              <Summary numSequencePoints="3" visitedSequencePoints="3" numBranchPoints="0" visitedBranchPoints="0" sequenceCoverage="100.0" branchCoverage="0" maxCyclomaticComplexity="0" minCyclomaticComplexity="0" maxCrapScore="0" minCrapScore="0" visitedClasses="0" numClasses="0" visitedMethods="1" numMethods="1" />
              <MetadataToken>100663407</MetadataToken>
              <Name>System.Void MVPFrogger.Presentation.MainMenuPresenter::OnStartGameRequested()</Name>
              <FileRef uid="15" />
              <SequencePoints>
                <SequencePoint vc="1" uspid="902" ordinal="0" offset="0" sl="31" sc="9" el="31" ec="9" bec="0" bev="0" fileid="15" />
                <SequencePoint vc="1" uspid="903" ordinal="0" offset="1" sl="32" sc="13" el="32" ec="13" bec="0" bev="0" fileid="15" />
                <SequencePoint vc="1" uspid="904" ordinal="0" offset="13" sl="33" sc="9" el="33" ec="9" bec="0" bev="0" fileid="15" />
              </SequencePoints>
              <BranchPoints />
            </Method>
            <Method visited="true" cyclomaticComplexity="0" nPathComplexity="0" sequenceCoverage="100.0" branchCoverage="0" crapScore="0" isConstructor="false" isStatic="false" isGetter="false" isSetter="false">
              <Summary numSequencePoints="3" visitedSequencePoints="3" numBranchPoints="0" visitedBranchPoints="0" sequenceCoverage="100.0" branchCoverage="0" maxCyclomaticComplexity="0" minCyclomaticComplexity="0" maxCrapScore="0" minCrapScore="0" visitedClasses="0" numClasses="0" visitedMethods="1" numMethods="1" />
              <MetadataToken>100663408</MetadataToken>
              <Name>System.Void MVPFrogger.Presentation.MainMenuPresenter::OnExitRequested()</Name>
              <FileRef uid="15" />
              <SequencePoints>
                <SequencePoint vc="1" uspid="905" ordinal="0" offset="0" sl="36" sc="9" el="36" ec="9" bec="0" bev="0" fileid="15" />
                <SequencePoint vc="1" uspid="906" ordinal="0" offset="1" sl="37" sc="13" el="37" ec="13" bec="0" bev="0" fileid="15" />
                <SequencePoint vc="1" uspid="907" ordinal="0" offset="13" sl="38" sc="9" el="38" ec="9" bec="0" bev="0" fileid="15" />
              </SequencePoints>
              <BranchPoints />
            </Method>
            <Method visited="true" cyclomaticComplexity="0" nPathComplexity="0" sequenceCoverage="100.0" branchCoverage="0" crapScore="0" isConstructor="true" isStatic="false" isGetter="false" isSetter="false">
              <Summary numSequencePoints="8" visitedSequencePoints="8" numBranchPoints="0" visitedBranchPoints="0" sequenceCoverage="100.0" branchCoverage="0" maxCyclomaticComplexity="0" minCyclomaticComplexity="0" maxCrapScore="0" minCrapScore="0" visitedClasses="0" numClasses="0" visitedMethods="1" numMethods="1" />
              <MetadataToken>100663405</MetadataToken>
              <Name>MVPFrogger.Presentation.MainMenuPresenter::MainMenuPresenter(MVPFrogger.Presentation.IMainMenuView, MVPFrogger.Presentation.SceneNavigationPresenter, MVPFrogger.Presentation.ApplicationQuitPresenter)</Name>
              <FileRef uid="15" />
              <SequencePoints>
                <SequencePoint vc="1" uspid="908" ordinal="0" offset="0" sl="11" sc="9" el="11" ec="9" bec="0" bev="0" fileid="15" />
                <SequencePoint vc="1" uspid="909" ordinal="0" offset="7" sl="15" sc="9" el="15" ec="9" bec="0" bev="0" fileid="15" />
                <SequencePoint vc="1" uspid="910" ordinal="0" offset="8" sl="16" sc="13" el="16" ec="13" bec="0" bev="0" fileid="15" />
                <SequencePoint vc="1" uspid="911" ordinal="0" offset="15" sl="17" sc="13" el="17" ec="13" bec="0" bev="0" fileid="15" />
                <SequencePoint vc="1" uspid="912" ordinal="0" offset="22" sl="18" sc="13" el="18" ec="13" bec="0" bev="0" fileid="15" />
                <SequencePoint vc="1" uspid="913" ordinal="0" offset="29" sl="20" sc="13" el="20" ec="13" bec="0" bev="0" fileid="15" />
                <SequencePoint vc="1" uspid="914" ordinal="0" offset="48" sl="21" sc="13" el="21" ec="13" bec="0" bev="0" fileid="15" />
                <SequencePoint vc="1" uspid="915" ordinal="0" offset="67" sl="22" sc="9" el="22" ec="9" bec="0" bev="0" fileid="15" />
              </SequencePoints>
              <BranchPoints />
            </Method>
          </Methods>
        </Class>
        <Class>
          <Summary numSequencePoints="11" visitedSequencePoints="11" numBranchPoints="0" visitedBranchPoints="0" sequenceCoverage="100.0" branchCoverage="0.0" maxCyclomaticComplexity="0" minCyclomaticComplexity="0" maxCrapScore="0" minCrapScore="0" visitedClasses="1" numClasses="1" visitedMethods="3" numMethods="3" />
          <FullName>MVPFrogger.Presentation.ObstaclePresenter</FullName>
          <Methods>
            <Method visited="true" cyclomaticComplexity="0" nPathComplexity="0" sequenceCoverage="100.0" branchCoverage="0" crapScore="0" isConstructor="false" isStatic="false" isGetter="true" isSetter="false">
              <Summary numSequencePoints="1" visitedSequencePoints="1" numBranchPoints="0" visitedBranchPoints="0" sequenceCoverage="100.0" branchCoverage="0" maxCyclomaticComplexity="0" minCyclomaticComplexity="0" maxCrapScore="0" minCrapScore="0" visitedClasses="0" numClasses="0" visitedMethods="1" numMethods="1" />
              <MetadataToken>100663422</MetadataToken>
              <Name>System.Boolean MVPFrogger.Presentation.ObstaclePresenter::get_ReachedRouteEnd()</Name>
              <FileRef uid="19" />
              <SequencePoints>
                <SequencePoint vc="1" uspid="940" ordinal="0" offset="0" sl="16" sc="40" el="16" ec="40" bec="0" bev="0" fileid="19" />
              </SequencePoints>
              <BranchPoints />
            </Method>
            <Method visited="true" cyclomaticComplexity="0" nPathComplexity="0" sequenceCoverage="100.0" branchCoverage="0" crapScore="0" isConstructor="false" isStatic="false" isGetter="false" isSetter="false">
              <Summary numSequencePoints="5" visitedSequencePoints="5" numBranchPoints="0" visitedBranchPoints="0" sequenceCoverage="100.0" branchCoverage="0" maxCyclomaticComplexity="0" minCyclomaticComplexity="0" maxCrapScore="0" minCrapScore="0" visitedClasses="0" numClasses="0" visitedMethods="1" numMethods="1" />
              <MetadataToken>100663423</MetadataToken>
              <Name>System.Void MVPFrogger.Presentation.ObstaclePresenter::Tick(System.Single)</Name>
              <FileRef uid="19" />
              <SequencePoints>
                <SequencePoint vc="1" uspid="941" ordinal="0" offset="0" sl="19" sc="9" el="19" ec="9" bec="0" bev="0" fileid="19" />
                <SequencePoint vc="1" uspid="942" ordinal="0" offset="1" sl="20" sc="13" el="20" ec="13" bec="0" bev="0" fileid="19" />
                <SequencePoint vc="1" uspid="943" ordinal="0" offset="13" sl="21" sc="13" el="21" ec="13" bec="0" bev="0" fileid="19" />
                <SequencePoint vc="1" uspid="944" ordinal="0" offset="26" sl="22" sc="13" el="22" ec="13" bec="0" bev="0" fileid="19" />
                <SequencePoint vc="1" uspid="945" ordinal="0" offset="51" sl="23" sc="9" el="23" ec="9" bec="0" bev="0" fileid="19" />
              </SequencePoints>
              <BranchPoints />
            </Method>
            <Method visited="true" cyclomaticComplexity="0" nPathComplexity="0" sequenceCoverage="100.0" branchCoverage="0" crapScore="0" isConstructor="true" isStatic="false" isGetter="false" isSetter="false">
              <Summary numSequencePoints="5" visitedSequencePoints="5" numBranchPoints="0" visitedBranchPoints="0" sequenceCoverage="100.0" branchCoverage="0" maxCyclomaticComplexity="0" minCyclomaticComplexity="0" maxCrapScore="0" minCrapScore="0" visitedClasses="0" numClasses="0" visitedMethods="1" numMethods="1" />
              <MetadataToken>100663421</MetadataToken>
              <Name>MVPFrogger.Presentation.ObstaclePresenter::ObstaclePresenter(MVPFrogger.Model.ObstacleModel, MVPFrogger.Presentation.IObstacleView)</Name>
              <FileRef uid="19" />
              <SequencePoints>
                <SequencePoint vc="1" uspid="946" ordinal="0" offset="0" sl="10" sc="9" el="10" ec="9" bec="0" bev="0" fileid="19" />
                <SequencePoint vc="1" uspid="947" ordinal="0" offset="7" sl="11" sc="9" el="11" ec="9" bec="0" bev="0" fileid="19" />
                <SequencePoint vc="1" uspid="948" ordinal="0" offset="8" sl="12" sc="13" el="12" ec="13" bec="0" bev="0" fileid="19" />
                <SequencePoint vc="1" uspid="949" ordinal="0" offset="15" sl="13" sc="13" el="13" ec="13" bec="0" bev="0" fileid="19" />
                <SequencePoint vc="1" uspid="950" ordinal="0" offset="22" sl="14" sc="9" el="14" ec="9" bec="0" bev="0" fileid="19" />
              </SequencePoints>
              <BranchPoints />
            </Method>
          </Methods>
        </Class>
        <Class>
          <Summary numSequencePoints="13" visitedSequencePoints="13" numBranchPoints="0" visitedBranchPoints="0" sequenceCoverage="100.0" branchCoverage="0.0" maxCyclomaticComplexity="0" minCyclomaticComplexity="0" maxCrapScore="0" minCrapScore="0" visitedClasses="1" numClasses="1" visitedMethods="4" numMethods="4" />
          <FullName>MVPFrogger.Presentation.PlayerAnimationPresenter</FullName>
          <Methods>
            <Method visited="true" cyclomaticComplexity="0" nPathComplexity="0" sequenceCoverage="100.0" branchCoverage="0" crapScore="0" isConstructor="false" isStatic="false" isGetter="false" isSetter="false">
              <Summary numSequencePoints="3" visitedSequencePoints="3" numBranchPoints="0" visitedBranchPoints="0" sequenceCoverage="100.0" branchCoverage="0" maxCyclomaticComplexity="0" minCyclomaticComplexity="0" maxCrapScore="0" minCrapScore="0" visitedClasses="0" numClasses="0" visitedMethods="1" numMethods="1" />
              <MetadataToken>100663425</MetadataToken>
              <Name>System.Void MVPFrogger.Presentation.PlayerAnimationPresenter::ShowIdle()</Name>
              <FileRef uid="20" />
              <SequencePoints>
                <SequencePoint vc="3" uspid="951" ordinal="0" offset="0" sl="13" sc="9" el="13" ec="9" bec="0" bev="0" fileid="20" />
                <SequencePoint vc="3" uspid="952" ordinal="0" offset="1" sl="14" sc="13" el="14" ec="13" bec="0" bev="0" fileid="20" />
                <SequencePoint vc="3" uspid="953" ordinal="0" offset="13" sl="15" sc="9" el="15" ec="9" bec="0" bev="0" fileid="20" />
              </SequencePoints>
              <BranchPoints />
            </Method>
            <Method visited="true" cyclomaticComplexity="0" nPathComplexity="0" sequenceCoverage="100.0" branchCoverage="0" crapScore="0" isConstructor="false" isStatic="false" isGetter="false" isSetter="false">
              <Summary numSequencePoints="3" visitedSequencePoints="3" numBranchPoints="0" visitedBranchPoints="0" sequenceCoverage="100.0" branchCoverage="0" maxCyclomaticComplexity="0" minCyclomaticComplexity="0" maxCrapScore="0" minCrapScore="0" visitedClasses="0" numClasses="0" visitedMethods="1" numMethods="1" />
              <MetadataToken>100663426</MetadataToken>
              <Name>System.Void MVPFrogger.Presentation.PlayerAnimationPresenter::ShowForwardMovement()</Name>
              <FileRef uid="20" />
              <SequencePoints>
                <SequencePoint vc="4" uspid="954" ordinal="0" offset="0" sl="18" sc="9" el="18" ec="9" bec="0" bev="0" fileid="20" />
                <SequencePoint vc="4" uspid="955" ordinal="0" offset="1" sl="19" sc="13" el="19" ec="13" bec="0" bev="0" fileid="20" />
                <SequencePoint vc="4" uspid="956" ordinal="0" offset="13" sl="20" sc="9" el="20" ec="9" bec="0" bev="0" fileid="20" />
              </SequencePoints>
              <BranchPoints />
            </Method>
            <Method visited="true" cyclomaticComplexity="0" nPathComplexity="0" sequenceCoverage="100.0" branchCoverage="0" crapScore="0" isConstructor="false" isStatic="false" isGetter="false" isSetter="false">
              <Summary numSequencePoints="3" visitedSequencePoints="3" numBranchPoints="0" visitedBranchPoints="0" sequenceCoverage="100.0" branchCoverage="0" maxCyclomaticComplexity="0" minCyclomaticComplexity="0" maxCrapScore="0" minCrapScore="0" visitedClasses="0" numClasses="0" visitedMethods="1" numMethods="1" />
              <MetadataToken>100663427</MetadataToken>
              <Name>System.Void MVPFrogger.Presentation.PlayerAnimationPresenter::ShowBackwardMovement()</Name>
              <FileRef uid="20" />
              <SequencePoints>
                <SequencePoint vc="2" uspid="957" ordinal="0" offset="0" sl="23" sc="9" el="23" ec="9" bec="0" bev="0" fileid="20" />
                <SequencePoint vc="2" uspid="958" ordinal="0" offset="1" sl="24" sc="13" el="24" ec="13" bec="0" bev="0" fileid="20" />
                <SequencePoint vc="2" uspid="959" ordinal="0" offset="13" sl="25" sc="9" el="25" ec="9" bec="0" bev="0" fileid="20" />
              </SequencePoints>
              <BranchPoints />
            </Method>
            <Method visited="true" cyclomaticComplexity="0" nPathComplexity="0" sequenceCoverage="100.0" branchCoverage="0" crapScore="0" isConstructor="true" isStatic="false" isGetter="false" isSetter="false">
              <Summary numSequencePoints="4" visitedSequencePoints="4" numBranchPoints="0" visitedBranchPoints="0" sequenceCoverage="100.0" branchCoverage="0" maxCyclomaticComplexity="0" minCyclomaticComplexity="0" maxCrapScore="0" minCrapScore="0" visitedClasses="0" numClasses="0" visitedMethods="1" numMethods="1" />
              <MetadataToken>100663424</MetadataToken>
              <Name>MVPFrogger.Presentation.PlayerAnimationPresenter::PlayerAnimationPresenter(MVPFrogger.Presentation.IPlayerAnimationView)</Name>
              <FileRef uid="20" />
              <SequencePoints>
                <SequencePoint vc="6" uspid="960" ordinal="0" offset="0" sl="7" sc="9" el="7" ec="9" bec="0" bev="0" fileid="20" />
                <SequencePoint vc="6" uspid="961" ordinal="0" offset="7" sl="8" sc="9" el="8" ec="9" bec="0" bev="0" fileid="20" />
                <SequencePoint vc="6" uspid="962" ordinal="0" offset="8" sl="9" sc="13" el="9" ec="13" bec="0" bev="0" fileid="20" />
                <SequencePoint vc="6" uspid="963" ordinal="0" offset="15" sl="10" sc="9" el="10" ec="9" bec="0" bev="0" fileid="20" />
              </SequencePoints>
              <BranchPoints />
            </Method>
          </Methods>
        </Class>
        <Class>
          <Summary numSequencePoints="17" visitedSequencePoints="17" numBranchPoints="0" visitedBranchPoints="0" sequenceCoverage="100.0" branchCoverage="0.0" maxCyclomaticComplexity="0" minCyclomaticComplexity="0" maxCrapScore="0" minCrapScore="0" visitedClasses="1" numClasses="1" visitedMethods="3" numMethods="3" />
          <FullName>MVPFrogger.Presentation.PlayerPresenter</FullName>
          <Methods>
            <Method visited="true" cyclomaticComplexity="0" nPathComplexity="0" sequenceCoverage="100.0" branchCoverage="0" crapScore="0" isConstructor="false" isStatic="false" isGetter="false" isSetter="false">
              <Summary numSequencePoints="3" visitedSequencePoints="3" numBranchPoints="0" visitedBranchPoints="0" sequenceCoverage="100.0" branchCoverage="0" maxCyclomaticComplexity="0" minCyclomaticComplexity="0" maxCrapScore="0" minCrapScore="0" visitedClasses="0" numClasses="0" visitedMethods="1" numMethods="1" />
              <MetadataToken>100663432</MetadataToken>
              <Name>System.Void MVPFrogger.Presentation.PlayerPresenter::ShowCurrentLane(System.Boolean)</Name>
              <FileRef uid="21" />
              <SequencePoints>
                <SequencePoint vc="11" uspid="967" ordinal="0" offset="0" sl="33" sc="9" el="33" ec="9" bec="0" bev="0" fileid="21" />
                <SequencePoint vc="11" uspid="968" ordinal="0" offset="1" sl="34" sc="13" el="34" ec="13" bec="0" bev="0" fileid="21" />
                <SequencePoint vc="11" uspid="969" ordinal="0" offset="25" sl="35" sc="9" el="35" ec="9" bec="0" bev="0" fileid="21" />
              </SequencePoints>
              <BranchPoints />
            </Method>
            <Method visited="true" cyclomaticComplexity="0" nPathComplexity="0" sequenceCoverage="100.0" branchCoverage="0" crapScore="0" isConstructor="false" isStatic="false" isGetter="false" isSetter="false">
              <Summary numSequencePoints="6" visitedSequencePoints="6" numBranchPoints="0" visitedBranchPoints="0" sequenceCoverage="100.0" branchCoverage="0" maxCyclomaticComplexity="0" minCyclomaticComplexity="0" maxCrapScore="0" minCrapScore="0" visitedClasses="0" numClasses="0" visitedMethods="1" numMethods="1" />
              <MetadataToken>100663433</MetadataToken>
              <Name>System.Void MVPFrogger.Presentation.PlayerPresenter::OnObstacleTouched()</Name>
              <FileRef uid="21" />
              <SequencePoints>
                <SequencePoint vc="1" uspid="970" ordinal="0" offset="0" sl="38" sc="9" el="38" ec="9" bec="0" bev="0" fileid="21" />
                <SequencePoint vc="1" uspid="971" ordinal="0" offset="1" sl="39" sc="13" el="39" ec="13" bec="0" bev="0" fileid="21" />
                <SequencePoint vc="1" uspid="972" ordinal="0" offset="13" sl="40" sc="13" el="40" ec="13" bec="0" bev="0" fileid="21" />
                <SequencePoint vc="1" uspid="973" ordinal="0" offset="25" sl="41" sc="13" el="41" ec="13" bec="0" bev="0" fileid="21" />
                <SequencePoint vc="1" uspid="974" ordinal="0" offset="33" sl="42" sc="13" el="42" ec="13" bec="0" bev="0" fileid="21" />
                <SequencePoint vc="1" uspid="975" ordinal="0" offset="51" sl="43" sc="9" el="43" ec="9" bec="0" bev="0" fileid="21" />
              </SequencePoints>
              <BranchPoints />
            </Method>
            <Method visited="true" cyclomaticComplexity="0" nPathComplexity="0" sequenceCoverage="100.0" branchCoverage="0" crapScore="0" isConstructor="true" isStatic="false" isGetter="false" isSetter="false">
              <Summary numSequencePoints="8" visitedSequencePoints="8" numBranchPoints="0" visitedBranchPoints="0" sequenceCoverage="100.0" branchCoverage="0" maxCyclomaticComplexity="0" minCyclomaticComplexity="0" maxCrapScore="0" minCrapScore="0" visitedClasses="0" numClasses="0" visitedMethods="1" numMethods="1" />
              <MetadataToken>100663430</MetadataToken>
              <Name>MVPFrogger.Presentation.PlayerPresenter::PlayerPresenter(MVPFrogger.Model.FroggerGameModel, MVPFrogger.Presentation.IPlayerView, MVPFrogger.Presentation.PlayerAnimationPresenter)</Name>
              <FileRef uid="21" />
              <SequencePoints>
                <SequencePoint vc="5" uspid="976" ordinal="0" offset="0" sl="14" sc="9" el="14" ec="9" bec="0" bev="0" fileid="21" />
                <SequencePoint vc="5" uspid="977" ordinal="0" offset="7" sl="18" sc="9" el="18" ec="9" bec="0" bev="0" fileid="21" />
                <SequencePoint vc="5" uspid="978" ordinal="0" offset="8" sl="19" sc="13" el="19" ec="13" bec="0" bev="0" fileid="21" />
                <SequencePoint vc="5" uspid="979" ordinal="0" offset="15" sl="20" sc="13" el="20" ec="13" bec="0" bev="0" fileid="21" />
                <SequencePoint vc="5" uspid="980" ordinal="0" offset="22" sl="21" sc="13" el="21" ec="13" bec="0" bev="0" fileid="21" />
                <SequencePoint vc="5" uspid="981" ordinal="0" offset="29" sl="23" sc="13" el="23" ec="13" bec="0" bev="0" fileid="21" />
                <SequencePoint vc="5" uspid="982" ordinal="0" offset="48" sl="24" sc="13" el="24" ec="13" bec="0" bev="0" fileid="21" />
                <SequencePoint vc="5" uspid="983" ordinal="0" offset="56" sl="25" sc="9" el="25" ec="9" bec="0" bev="0" fileid="21" />
              </SequencePoints>
              <BranchPoints />
            </Method>
          </Methods>
        </Class>
        <Class>
          <Summary numSequencePoints="10" visitedSequencePoints="10" numBranchPoints="0" visitedBranchPoints="0" sequenceCoverage="100.0" branchCoverage="0.0" maxCyclomaticComplexity="0" minCyclomaticComplexity="0" maxCrapScore="0" minCrapScore="0" visitedClasses="1" numClasses="1" visitedMethods="3" numMethods="3" />
          <FullName>MVPFrogger.Presentation.SceneNavigationPresenter</FullName>
          <Methods>
            <Method visited="true" cyclomaticComplexity="0" nPathComplexity="0" sequenceCoverage="100.0" branchCoverage="0" crapScore="0" isConstructor="false" isStatic="false" isGetter="false" isSetter="false">
              <Summary numSequencePoints="3" visitedSequencePoints="3" numBranchPoints="0" visitedBranchPoints="0" sequenceCoverage="100.0" branchCoverage="0" maxCyclomaticComplexity="0" minCyclomaticComplexity="0" maxCrapScore="0" minCrapScore="0" visitedClasses="0" numClasses="0" visitedMethods="1" numMethods="1" />
              <MetadataToken>100663435</MetadataToken>
              <Name>System.Void MVPFrogger.Presentation.SceneNavigationPresenter::GoToGame()</Name>
              <FileRef uid="22" />
              <SequencePoints>
                <SequencePoint vc="1" uspid="984" ordinal="0" offset="0" sl="13" sc="9" el="13" ec="9" bec="0" bev="0" fileid="22" />
                <SequencePoint vc="1" uspid="985" ordinal="0" offset="1" sl="14" sc="13" el="14" ec="13" bec="0" bev="0" fileid="22" />
                <SequencePoint vc="1" uspid="986" ordinal="0" offset="13" sl="15" sc="9" el="15" ec="9" bec="0" bev="0" fileid="22" />
              </SequencePoints>
              <BranchPoints />
            </Method>
            <Method visited="true" cyclomaticComplexity="0" nPathComplexity="0" sequenceCoverage="100.0" branchCoverage="0" crapScore="0" isConstructor="false" isStatic="false" isGetter="false" isSetter="false">
              <Summary numSequencePoints="3" visitedSequencePoints="3" numBranchPoints="0" visitedBranchPoints="0" sequenceCoverage="100.0" branchCoverage="0" maxCyclomaticComplexity="0" minCyclomaticComplexity="0" maxCrapScore="0" minCrapScore="0" visitedClasses="0" numClasses="0" visitedMethods="1" numMethods="1" />
              <MetadataToken>100663436</MetadataToken>
              <Name>System.Void MVPFrogger.Presentation.SceneNavigationPresenter::GoToMainMenu()</Name>
              <FileRef uid="22" />
              <SequencePoints>
                <SequencePoint vc="1" uspid="987" ordinal="0" offset="0" sl="18" sc="9" el="18" ec="9" bec="0" bev="0" fileid="22" />
                <SequencePoint vc="1" uspid="988" ordinal="0" offset="1" sl="19" sc="13" el="19" ec="13" bec="0" bev="0" fileid="22" />
                <SequencePoint vc="1" uspid="989" ordinal="0" offset="13" sl="20" sc="9" el="20" ec="9" bec="0" bev="0" fileid="22" />
              </SequencePoints>
              <BranchPoints />
            </Method>
            <Method visited="true" cyclomaticComplexity="0" nPathComplexity="0" sequenceCoverage="100.0" branchCoverage="0" crapScore="0" isConstructor="true" isStatic="false" isGetter="false" isSetter="false">
              <Summary numSequencePoints="4" visitedSequencePoints="4" numBranchPoints="0" visitedBranchPoints="0" sequenceCoverage="100.0" branchCoverage="0" maxCyclomaticComplexity="0" minCyclomaticComplexity="0" maxCrapScore="0" minCrapScore="0" visitedClasses="0" numClasses="0" visitedMethods="1" numMethods="1" />
              <MetadataToken>100663434</MetadataToken>
              <Name>MVPFrogger.Presentation.SceneNavigationPresenter::SceneNavigationPresenter(MVPFrogger.Presentation.ISceneNavigationView)</Name>
              <FileRef uid="22" />
              <SequencePoints>
                <SequencePoint vc="5" uspid="990" ordinal="0" offset="0" sl="7" sc="9" el="7" ec="9" bec="0" bev="0" fileid="22" />
                <SequencePoint vc="5" uspid="991" ordinal="0" offset="7" sl="8" sc="9" el="8" ec="9" bec="0" bev="0" fileid="22" />
                <SequencePoint vc="5" uspid="992" ordinal="0" offset="8" sl="9" sc="13" el="9" ec="13" bec="0" bev="0" fileid="22" />
                <SequencePoint vc="5" uspid="993" ordinal="0" offset="15" sl="10" sc="9" el="10" ec="9" bec="0" bev="0" fileid="22" />
              </SequencePoints>
              <BranchPoints />
            </Method>
          </Methods>
        </Class>
        <Class>
          <Summary numSequencePoints="16" visitedSequencePoints="16" numBranchPoints="0" visitedBranchPoints="0" sequenceCoverage="100.0" branchCoverage="0.0" maxCyclomaticComplexity="0" minCyclomaticComplexity="0" maxCrapScore="0" minCrapScore="0" visitedClasses="1" numClasses="1" visitedMethods="2" numMethods="2" />
          <FullName>MVPFrogger.Model.CarSpawnerModel</FullName>
          <Methods>
            <Method visited="true" cyclomaticComplexity="0" nPathComplexity="0" sequenceCoverage="100.0" branchCoverage="0" crapScore="0" isConstructor="false" isStatic="false" isGetter="false" isSetter="false">
              <Summary numSequencePoints="8" visitedSequencePoints="8" numBranchPoints="0" visitedBranchPoints="0" sequenceCoverage="100.0" branchCoverage="0" maxCyclomaticComplexity="0" minCyclomaticComplexity="0" maxCrapScore="0" minCrapScore="0" visitedClasses="0" numClasses="0" visitedMethods="1" numMethods="1" />
              <MetadataToken>100663438</MetadataToken>
              <Name>System.Boolean MVPFrogger.Model.CarSpawnerModel::Advance(System.Single)</Name>
              <FileRef uid="23" />
              <SequencePoints>
                <SequencePoint vc="8" uspid="994" ordinal="0" offset="0" sl="22" sc="9" el="22" ec="9" bec="0" bev="0" fileid="23" />
                <SequencePoint vc="8" uspid="995" ordinal="0" offset="1" sl="23" sc="13" el="23" ec="13" bec="0" bev="0" fileid="23" />
                <SequencePoint vc="8" uspid="996" ordinal="0" offset="15" sl="25" sc="13" el="25" ec="13" bec="0" bev="0" fileid="23" />
                <SequencePoint vc="4" uspid="997" ordinal="0" offset="33" sl="26" sc="13" el="26" ec="13" bec="0" bev="0" fileid="23" />
                <SequencePoint vc="4" uspid="998" ordinal="0" offset="34" sl="27" sc="17" el="27" ec="17" bec="0" bev="0" fileid="23" />
                <SequencePoint vc="4" uspid="999" ordinal="0" offset="38" sl="30" sc="13" el="30" ec="13" bec="0" bev="0" fileid="23" />
                <SequencePoint vc="4" uspid="1000" ordinal="0" offset="49" sl="31" sc="13" el="31" ec="13" bec="0" bev="0" fileid="23" />
                <SequencePoint vc="8" uspid="1001" ordinal="0" offset="53" sl="32" sc="9" el="32" ec="9" bec="0" bev="0" fileid="23" />
              </SequencePoints>
              <BranchPoints />
            </Method>
            <Method visited="true" cyclomaticComplexity="0" nPathComplexity="0" sequenceCoverage="100.0" branchCoverage="0" crapScore="0" isConstructor="true" isStatic="false" isGetter="false" isSetter="false">
              <Summary numSequencePoints="8" visitedSequencePoints="8" numBranchPoints="0" visitedBranchPoints="0" sequenceCoverage="100.0" branchCoverage="0" maxCyclomaticComplexity="0" minCyclomaticComplexity="0" maxCrapScore="0" minCrapScore="0" visitedClasses="0" numClasses="0" visitedMethods="1" numMethods="1" />
              <MetadataToken>100663437</MetadataToken>
              <Name>MVPFrogger.Model.CarSpawnerModel::CarSpawnerModel(System.Single, System.Single)</Name>
              <FileRef uid="23" />
              <SequencePoints>
                <SequencePoint vc="5" uspid="1002" ordinal="0" offset="0" sl="10" sc="9" el="10" ec="9" bec="0" bev="0" fileid="23" />
                <SequencePoint vc="5" uspid="1003" ordinal="0" offset="7" sl="11" sc="9" el="11" ec="9" bec="0" bev="0" fileid="23" />
                <SequencePoint vc="5" uspid="1004" ordinal="0" offset="8" sl="12" sc="13" el="12" ec="13" bec="0" bev="0" fileid="23" />
                <SequencePoint vc="1" uspid="1005" ordinal="0" offset="23" sl="13" sc="13" el="13" ec="13" bec="0" bev="0" fileid="23" />
                <SequencePoint vc="1" uspid="1006" ordinal="0" offset="24" sl="14" sc="17" el="14" ec="17" bec="0" bev="0" fileid="23" />
                <SequencePoint vc="4" uspid="1007" ordinal="0" offset="40" sl="17" sc="13" el="17" ec="13" bec="0" bev="0" fileid="23" />
                <SequencePoint vc="4" uspid="1008" ordinal="0" offset="47" sl="18" sc="13" el="18" ec="13" bec="0" bev="0" fileid="23" />
                <SequencePoint vc="4" uspid="1009" ordinal="0" offset="55" sl="19" sc="9" el="19" ec="9" bec="0" bev="0" fileid="23" />
              </SequencePoints>
              <BranchPoints />
            </Method>
          </Methods>
        </Class>
        <Class>
          <Summary numSequencePoints="43" visitedSequencePoints="39" numBranchPoints="0" visitedBranchPoints="0" sequenceCoverage="90.70" branchCoverage="0.0" maxCyclomaticComplexity="0" minCyclomaticComplexity="0" maxCrapScore="0" minCrapScore="0" visitedClasses="1" numClasses="1" visitedMethods="10" numMethods="10" />
          <FullName>MVPFrogger.Model.FroggerGameModel</FullName>
          <Methods>
            <Method visited="true" cyclomaticComplexity="0" nPathComplexity="0" sequenceCoverage="100.0" branchCoverage="0" crapScore="0" isConstructor="false" isStatic="false" isGetter="true" isSetter="false">
              <Summary numSequencePoints="1" visitedSequencePoints="1" numBranchPoints="0" visitedBranchPoints="0" sequenceCoverage="100.0" branchCoverage="0" maxCyclomaticComplexity="0" minCyclomaticComplexity="0" maxCrapScore="0" minCrapScore="0" visitedClasses="0" numClasses="0" visitedMethods="1" numMethods="1" />
              <MetadataToken>100663440</MetadataToken>
              <Name>System.Int32 MVPFrogger.Model.FroggerGameModel::get_CurrentLaneIndex()</Name>
              <FileRef uid="24" />
              <SequencePoints>
                <SequencePoint vc="66" uspid="1010" ordinal="0" offset="0" sl="21" sc="39" el="21" ec="39" bec="0" bev="0" fileid="24" />
              </SequencePoints>
              <BranchPoints />
            </Method>
            <Method visited="true" cyclomaticComplexity="0" nPathComplexity="0" sequenceCoverage="100.0" branchCoverage="0" crapScore="0" isConstructor="false" isStatic="false" isGetter="false" isSetter="true">
              <Summary numSequencePoints="1" visitedSequencePoints="1" numBranchPoints="0" visitedBranchPoints="0" sequenceCoverage="100.0" branchCoverage="0" maxCyclomaticComplexity="0" minCyclomaticComplexity="0" maxCrapScore="0" minCrapScore="0" visitedClasses="0" numClasses="0" visitedMethods="1" numMethods="1" />
              <MetadataToken>100663441</MetadataToken>
              <Name>System.Void MVPFrogger.Model.FroggerGameModel::set_CurrentLaneIndex(System.Int32)</Name>
              <FileRef uid="24" />
              <SequencePoints>
                <SequencePoint vc="24" uspid="1011" ordinal="0" offset="0" sl="21" sc="44" el="21" ec="44" bec="0" bev="0" fileid="24" />
              </SequencePoints>
              <BranchPoints />
            </Method>
            <Method visited="true" cyclomaticComplexity="0" nPathComplexity="0" sequenceCoverage="100.0" branchCoverage="0" crapScore="0" isConstructor="false" isStatic="false" isGetter="true" isSetter="false">
              <Summary numSequencePoints="1" visitedSequencePoints="1" numBranchPoints="0" visitedBranchPoints="0" sequenceCoverage="100.0" branchCoverage="0" maxCyclomaticComplexity="0" minCyclomaticComplexity="0" maxCrapScore="0" minCrapScore="0" visitedClasses="0" numClasses="0" visitedMethods="1" numMethods="1" />
              <MetadataToken>100663443</MetadataToken>
              <Name>System.Int32 MVPFrogger.Model.FroggerGameModel::get_GoalLaneIndex()</Name>
              <FileRef uid="24" />
              <SequencePoints>
                <SequencePoint vc="27" uspid="1013" ordinal="0" offset="0" sl="23" sc="37" el="23" ec="37" bec="0" bev="0" fileid="24" />
              </SequencePoints>
              <BranchPoints />
            </Method>
            <Method visited="true" cyclomaticComplexity="0" nPathComplexity="0" sequenceCoverage="100.0" branchCoverage="0" crapScore="0" isConstructor="false" isStatic="false" isGetter="true" isSetter="false">
              <Summary numSequencePoints="1" visitedSequencePoints="1" numBranchPoints="0" visitedBranchPoints="0" sequenceCoverage="100.0" branchCoverage="0" maxCyclomaticComplexity="0" minCyclomaticComplexity="0" maxCrapScore="0" minCrapScore="0" visitedClasses="0" numClasses="0" visitedMethods="1" numMethods="1" />
              <MetadataToken>100663444</MetadataToken>
              <Name>MVPFrogger.Model.GameState MVPFrogger.Model.FroggerGameModel::get_State()</Name>
              <FileRef uid="24" />
              <SequencePoints>
                <SequencePoint vc="27" uspid="1014" ordinal="0" offset="0" sl="24" sc="34" el="24" ec="34" bec="0" bev="0" fileid="24" />
              </SequencePoints>
              <BranchPoints />
            </Method>
            <Method visited="true" cyclomaticComplexity="0" nPathComplexity="0" sequenceCoverage="100.0" branchCoverage="0" crapScore="0" isConstructor="false" isStatic="false" isGetter="false" isSetter="true">
              <Summary numSequencePoints="1" visitedSequencePoints="1" numBranchPoints="0" visitedBranchPoints="0" sequenceCoverage="100.0" branchCoverage="0" maxCyclomaticComplexity="0" minCyclomaticComplexity="0" maxCrapScore="0" minCrapScore="0" visitedClasses="0" numClasses="0" visitedMethods="1" numMethods="1" />
              <MetadataToken>100663445</MetadataToken>
              <Name>System.Void MVPFrogger.Model.FroggerGameModel::set_State(MVPFrogger.Model.GameState)</Name>
              <FileRef uid="24" />
              <SequencePoints>
                <SequencePoint vc="15" uspid="1015" ordinal="0" offset="0" sl="24" sc="39" el="24" ec="39" bec="0" bev="0" fileid="24" />
              </SequencePoints>
              <BranchPoints />
            </Method>
            <Method visited="true" cyclomaticComplexity="0" nPathComplexity="0" sequenceCoverage="84.62" branchCoverage="0" crapScore="0" isConstructor="false" isStatic="false" isGetter="false" isSetter="false">
              <Summary numSequencePoints="13" visitedSequencePoints="11" numBranchPoints="0" visitedBranchPoints="0" sequenceCoverage="84.62" branchCoverage="0" maxCyclomaticComplexity="0" minCyclomaticComplexity="0" maxCrapScore="0" minCrapScore="0" visitedClasses="0" numClasses="0" visitedMethods="1" numMethods="1" />
              <MetadataToken>100663446</MetadataToken>
              <Name>System.Void MVPFrogger.Model.FroggerGameModel::MoveForward()</Name>
              <FileRef uid="24" />
              <SequencePoints>
                <SequencePoint vc="9" uspid="1016" ordinal="0" offset="0" sl="27" sc="9" el="27" ec="9" bec="0" bev="0" fileid="24" />
                <SequencePoint vc="9" uspid="1017" ordinal="0" offset="1" sl="28" sc="13" el="28" ec="13" bec="0" bev="0" fileid="24" />
                <SequencePoint vc="0" uspid="1018" ordinal="0" offset="14" sl="29" sc="13" el="29" ec="13" bec="0" bev="0" fileid="24" />
                <SequencePoint vc="0" uspid="1019" ordinal="0" offset="15" sl="30" sc="17" el="30" ec="17" bec="0" bev="0" fileid="24" />
                <SequencePoint vc="9" uspid="1020" ordinal="0" offset="17" sl="33" sc="13" el="33" ec="13" bec="0" bev="0" fileid="24" />
                <SequencePoint vc="9" uspid="1021" ordinal="0" offset="35" sl="34" sc="13" el="34" ec="13" bec="0" bev="0" fileid="24" />
                <SequencePoint vc="9" uspid="1022" ordinal="0" offset="36" sl="35" sc="17" el="35" ec="17" bec="0" bev="0" fileid="24" />
                <SequencePoint vc="9" uspid="1023" ordinal="0" offset="53" sl="36" sc="13" el="36" ec="13" bec="0" bev="0" fileid="24" />
                <SequencePoint vc="9" uspid="1024" ordinal="0" offset="54" sl="38" sc="13" el="38" ec="13" bec="0" bev="0" fileid="24" />
                <SequencePoint vc="3" uspid="1025" ordinal="0" offset="72" sl="39" sc="13" el="39" ec="13" bec="0" bev="0" fileid="24" />
                <SequencePoint vc="3" uspid="1026" ordinal="0" offset="73" sl="40" sc="17" el="40" ec="17" bec="0" bev="0" fileid="24" />
                <SequencePoint vc="3" uspid="1027" ordinal="0" offset="81" sl="41" sc="13" el="41" ec="13" bec="0" bev="0" fileid="24" />
                <SequencePoint vc="9" uspid="1028" ordinal="0" offset="82" sl="42" sc="9" el="42" ec="9" bec="0" bev="0" fileid="24" />
              </SequencePoints>
              <BranchPoints />
            </Method>
            <Method visited="true" cyclomaticComplexity="0" nPathComplexity="0" sequenceCoverage="100.0" branchCoverage="0" crapScore="0" isConstructor="false" isStatic="false" isGetter="false" isSetter="false">
              <Summary numSequencePoints="6" visitedSequencePoints="6" numBranchPoints="0" visitedBranchPoints="0" sequenceCoverage="100.0" branchCoverage="0" maxCyclomaticComplexity="0" minCyclomaticComplexity="0" maxCrapScore="0" minCrapScore="0" visitedClasses="0" numClasses="0" visitedMethods="1" numMethods="1" />
              <MetadataToken>100663447</MetadataToken>
              <Name>System.Void MVPFrogger.Model.FroggerGameModel::MoveBackward()</Name>
              <FileRef uid="24" />
              <SequencePoints>
                <SequencePoint vc="2" uspid="1029" ordinal="0" offset="0" sl="45" sc="9" el="45" ec="9" bec="0" bev="0" fileid="24" />
                <SequencePoint vc="2" uspid="1030" ordinal="0" offset="1" sl="46" sc="13" el="46" ec="13" bec="0" bev="0" fileid="24" />
                <SequencePoint vc="1" uspid="1031" ordinal="0" offset="25" sl="47" sc="13" el="47" ec="13" bec="0" bev="0" fileid="24" />
                <SequencePoint vc="1" uspid="1032" ordinal="0" offset="26" sl="48" sc="17" el="48" ec="17" bec="0" bev="0" fileid="24" />
                <SequencePoint vc="1" uspid="1033" ordinal="0" offset="28" sl="51" sc="13" el="51" ec="13" bec="0" bev="0" fileid="24" />
                <SequencePoint vc="2" uspid="1034" ordinal="0" offset="45" sl="52" sc="9" el="52" ec="9" bec="0" bev="0" fileid="24" />
              </SequencePoints>
              <BranchPoints />
            </Method>
            <Method visited="true" cyclomaticComplexity="0" nPathComplexity="0" sequenceCoverage="66.67" branchCoverage="0" crapScore="0" isConstructor="false" isStatic="false" isGetter="false" isSetter="false">
              <Summary numSequencePoints="6" visitedSequencePoints="4" numBranchPoints="0" visitedBranchPoints="0" sequenceCoverage="66.67" branchCoverage="0" maxCyclomaticComplexity="0" minCyclomaticComplexity="0" maxCrapScore="0" minCrapScore="0" visitedClasses="0" numClasses="0" visitedMethods="1" numMethods="1" />
              <MetadataToken>100663448</MetadataToken>
              <Name>System.Void MVPFrogger.Model.FroggerGameModel::HitObstacle()</Name>
              <FileRef uid="24" />
              <SequencePoints>
                <SequencePoint vc="2" uspid="1035" ordinal="0" offset="0" sl="55" sc="9" el="55" ec="9" bec="0" bev="0" fileid="24" />
                <SequencePoint vc="2" uspid="1036" ordinal="0" offset="1" sl="56" sc="13" el="56" ec="13" bec="0" bev="0" fileid="24" />
                <SequencePoint vc="0" uspid="1037" ordinal="0" offset="14" sl="57" sc="13" el="57" ec="13" bec="0" bev="0" fileid="24" />
                <SequencePoint vc="0" uspid="1038" ordinal="0" offset="15" sl="58" sc="17" el="58" ec="17" bec="0" bev="0" fileid="24" />
                <SequencePoint vc="2" uspid="1039" ordinal="0" offset="17" sl="61" sc="13" el="61" ec="13" bec="0" bev="0" fileid="24" />
                <SequencePoint vc="2" uspid="1040" ordinal="0" offset="25" sl="62" sc="9" el="62" ec="9" bec="0" bev="0" fileid="24" />
              </SequencePoints>
              <BranchPoints />
            </Method>
            <Method visited="true" cyclomaticComplexity="0" nPathComplexity="0" sequenceCoverage="100.0" branchCoverage="0" crapScore="0" isConstructor="false" isStatic="false" isGetter="false" isSetter="false">
              <Summary numSequencePoints="4" visitedSequencePoints="4" numBranchPoints="0" visitedBranchPoints="0" sequenceCoverage="100.0" branchCoverage="0" maxCyclomaticComplexity="0" minCyclomaticComplexity="0" maxCrapScore="0" minCrapScore="0" visitedClasses="0" numClasses="0" visitedMethods="1" numMethods="1" />
              <MetadataToken>100663449</MetadataToken>
              <Name>System.Void MVPFrogger.Model.FroggerGameModel::Restart()</Name>
              <FileRef uid="24" />
              <SequencePoints>
                <SequencePoint vc="2" uspid="1041" ordinal="0" offset="0" sl="65" sc="9" el="65" ec="9" bec="0" bev="0" fileid="24" />
                <SequencePoint vc="2" uspid="1042" ordinal="0" offset="1" sl="66" sc="13" el="66" ec="13" bec="0" bev="0" fileid="24" />
                <SequencePoint vc="2" uspid="1043" ordinal="0" offset="9" sl="67" sc="13" el="67" ec="13" bec="0" bev="0" fileid="24" />
                <SequencePoint vc="2" uspid="1044" ordinal="0" offset="17" sl="68" sc="9" el="68" ec="9" bec="0" bev="0" fileid="24" />
              </SequencePoints>
              <BranchPoints />
            </Method>
            <Method visited="true" cyclomaticComplexity="0" nPathComplexity="0" sequenceCoverage="100.0" branchCoverage="0" crapScore="0" isConstructor="true" isStatic="false" isGetter="false" isSetter="false">
              <Summary numSequencePoints="9" visitedSequencePoints="9" numBranchPoints="0" visitedBranchPoints="0" sequenceCoverage="100.0" branchCoverage="0" maxCyclomaticComplexity="0" minCyclomaticComplexity="0" maxCrapScore="0" minCrapScore="0" visitedClasses="0" numClasses="0" visitedMethods="1" numMethods="1" />
              <MetadataToken>100663439</MetadataToken>
              <Name>MVPFrogger.Model.FroggerGameModel::FroggerGameModel(System.Int32)</Name>
              <FileRef uid="24" />
              <SequencePoints>
                <SequencePoint vc="11" uspid="1045" ordinal="0" offset="0" sl="9" sc="9" el="9" ec="9" bec="0" bev="0" fileid="24" />
                <SequencePoint vc="11" uspid="1046" ordinal="0" offset="7" sl="10" sc="9" el="10" ec="9" bec="0" bev="0" fileid="24" />
                <SequencePoint vc="11" uspid="1047" ordinal="0" offset="8" sl="11" sc="13" el="11" ec="13" bec="0" bev="0" fileid="24" />
                <SequencePoint vc="1" uspid="1048" ordinal="0" offset="16" sl="12" sc="13" el="12" ec="13" bec="0" bev="0" fileid="24" />
                <SequencePoint vc="1" uspid="1049" ordinal="0" offset="17" sl="13" sc="17" el="13" ec="17" bec="0" bev="0" fileid="24" />
                <SequencePoint vc="10" uspid="1050" ordinal="0" offset="33" sl="16" sc="13" el="16" ec="13" bec="0" bev="0" fileid="24" />
                <SequencePoint vc="10" uspid="1051" ordinal="0" offset="40" sl="17" sc="13" el="17" ec="13" bec="0" bev="0" fileid="24" />
                <SequencePoint vc="10" uspid="1052" ordinal="0" offset="48" sl="18" sc="13" el="18" ec="13" bec="0" bev="0" fileid="24" />
                <SequencePoint vc="10" uspid="1053" ordinal="0" offset="56" sl="19" sc="9" el="19" ec="9" bec="0" bev="0" fileid="24" />
              </SequencePoints>
              <BranchPoints />
            </Method>
          </Methods>
        </Class>
        <Class>
          <Summary numSequencePoints="14" visitedSequencePoints="14" numBranchPoints="0" visitedBranchPoints="0" sequenceCoverage="100.0" branchCoverage="0.0" maxCyclomaticComplexity="0" minCyclomaticComplexity="0" maxCrapScore="0" minCrapScore="0" visitedClasses="1" numClasses="1" visitedMethods="5" numMethods="5" />
          <FullName>MVPFrogger.Model.ObstacleModel</FullName>
          <Methods>
            <Method visited="true" cyclomaticComplexity="0" nPathComplexity="0" sequenceCoverage="100.0" branchCoverage="0" crapScore="0" isConstructor="false" isStatic="false" isGetter="true" isSetter="false">
              <Summary numSequencePoints="1" visitedSequencePoints="1" numBranchPoints="0" visitedBranchPoints="0" sequenceCoverage="100.0" branchCoverage="0" maxCyclomaticComplexity="0" minCyclomaticComplexity="0" maxCrapScore="0" minCrapScore="0" visitedClasses="0" numClasses="0" visitedMethods="1" numMethods="1" />
              <MetadataToken>100663451</MetadataToken>
              <Name>System.Single MVPFrogger.Model.ObstacleModel::get_TravelledDistance()</Name>
              <FileRef uid="25" />
              <SequencePoints>
                <SequencePoint vc="9" uspid="1054" ordinal="0" offset="0" sl="21" sc="42" el="21" ec="42" bec="0" bev="0" fileid="25" />
              </SequencePoints>
              <BranchPoints />
            </Method>
            <Method visited="true" cyclomaticComplexity="0" nPathComplexity="0" sequenceCoverage="100.0" branchCoverage="0" crapScore="0" isConstructor="false" isStatic="false" isGetter="false" isSetter="true">
              <Summary numSequencePoints="1" visitedSequencePoints="1" numBranchPoints="0" visitedBranchPoints="0" sequenceCoverage="100.0" branchCoverage="0" maxCyclomaticComplexity="0" minCyclomaticComplexity="0" maxCrapScore="0" minCrapScore="0" visitedClasses="0" numClasses="0" visitedMethods="1" numMethods="1" />
              <MetadataToken>100663452</MetadataToken>
              <Name>System.Void MVPFrogger.Model.ObstacleModel::set_TravelledDistance(System.Single)</Name>
              <FileRef uid="25" />
              <SequencePoints>
                <SequencePoint vc="3" uspid="1055" ordinal="0" offset="0" sl="21" sc="47" el="21" ec="47" bec="0" bev="0" fileid="25" />
              </SequencePoints>
              <BranchPoints />
            </Method>
            <Method visited="true" cyclomaticComplexity="0" nPathComplexity="0" sequenceCoverage="100.0" branchCoverage="0" crapScore="0" isConstructor="false" isStatic="false" isGetter="true" isSetter="false">
              <Summary numSequencePoints="1" visitedSequencePoints="1" numBranchPoints="0" visitedBranchPoints="0" sequenceCoverage="100.0" branchCoverage="0" maxCyclomaticComplexity="0" minCyclomaticComplexity="0" maxCrapScore="0" minCrapScore="0" visitedClasses="0" numClasses="0" visitedMethods="1" numMethods="1" />
              <MetadataToken>100663453</MetadataToken>
              <Name>System.Boolean MVPFrogger.Model.ObstacleModel::get_ReachedRouteEnd()</Name>
              <FileRef uid="25" />
              <SequencePoints>
                <SequencePoint vc="3" uspid="1056" ordinal="0" offset="0" sl="22" sc="40" el="22" ec="40" bec="0" bev="0" fileid="25" />
              </SequencePoints>
              <BranchPoints />
            </Method>
            <Method visited="true" cyclomaticComplexity="0" nPathComplexity="0" sequenceCoverage="100.0" branchCoverage="0" crapScore="0" isConstructor="false" isStatic="false" isGetter="false" isSetter="false">
              <Summary numSequencePoints="3" visitedSequencePoints="3" numBranchPoints="0" visitedBranchPoints="0" sequenceCoverage="100.0" branchCoverage="0" maxCyclomaticComplexity="0" minCyclomaticComplexity="0" maxCrapScore="0" minCrapScore="0" visitedClasses="0" numClasses="0" visitedMethods="1" numMethods="1" />
              <MetadataToken>100663454</MetadataToken>
              <Name>System.Void MVPFrogger.Model.ObstacleModel::Advance(System.Single)</Name>
              <FileRef uid="25" />
              <SequencePoints>
                <SequencePoint vc="3" uspid="1057" ordinal="0" offset="0" sl="25" sc="9" el="25" ec="9" bec="0" bev="0" fileid="25" />
                <SequencePoint vc="3" uspid="1058" ordinal="0" offset="1" sl="26" sc="13" el="26" ec="13" bec="0" bev="0" fileid="25" />
                <SequencePoint vc="3" uspid="1059" ordinal="0" offset="28" sl="27" sc="9" el="27" ec="9" bec="0" bev="0" fileid="25" />
              </SequencePoints>
              <BranchPoints />
            </Method>
            <Method visited="true" cyclomaticComplexity="0" nPathComplexity="0" sequenceCoverage="100.0" branchCoverage="0" crapScore="0" isConstructor="true" isStatic="false" isGetter="false" isSetter="false">
              <Summary numSequencePoints="8" visitedSequencePoints="8" numBranchPoints="0" visitedBranchPoints="0" sequenceCoverage="100.0" branchCoverage="0" maxCyclomaticComplexity="0" minCyclomaticComplexity="0" maxCrapScore="0" minCrapScore="0" visitedClasses="0" numClasses="0" visitedMethods="1" numMethods="1" />
              <MetadataToken>100663450</MetadataToken>
              <Name>MVPFrogger.Model.ObstacleModel::ObstacleModel(System.Single, System.Single)</Name>
              <FileRef uid="25" />
              <SequencePoints>
                <SequencePoint vc="4" uspid="1060" ordinal="0" offset="0" sl="10" sc="9" el="10" ec="9" bec="0" bev="0" fileid="25" />
                <SequencePoint vc="4" uspid="1061" ordinal="0" offset="7" sl="11" sc="9" el="11" ec="9" bec="0" bev="0" fileid="25" />
                <SequencePoint vc="4" uspid="1062" ordinal="0" offset="8" sl="12" sc="13" el="12" ec="13" bec="0" bev="0" fileid="25" />
                <SequencePoint vc="1" uspid="1063" ordinal="0" offset="23" sl="13" sc="13" el="13" ec="13" bec="0" bev="0" fileid="25" />
                <SequencePoint vc="1" uspid="1064" ordinal="0" offset="24" sl="14" sc="17" el="14" ec="17" bec="0" bev="0" fileid="25" />
                <SequencePoint vc="3" uspid="1065" ordinal="0" offset="35" sl="17" sc="13" el="17" ec="13" bec="0" bev="0" fileid="25" />
                <SequencePoint vc="3" uspid="1066" ordinal="0" offset="42" sl="18" sc="13" el="18" ec="13" bec="0" bev="0" fileid="25" />
                <SequencePoint vc="3" uspid="1067" ordinal="0" offset="49" sl="19" sc="9" el="19" ec="9" bec="0" bev="0" fileid="25" />
              </SequencePoints>
              <BranchPoints />
            </Method>
          </Methods>
        </Class>
      </Classes>
    </Module>
  </Modules>
</CoverageSession>