<?xml version="1.0" encoding="utf-8"?>
<CoverageSession xmlns:xsd="http://www.w3.org/2001/XMLSchema" xmlns:xsi="http://www.w3.org/2001/XMLSchema-instance" Version="0.0.0.0">
  <Summary numSequencePoints="223" visitedSequencePoints="194" numBranchPoints="0" visitedBranchPoints="0" sequenceCoverage="87.00" branchCoverage="0.0" maxCyclomaticComplexity="0" minCyclomaticComplexity="0" maxCrapScore="0" minCrapScore="0" visitedClasses="12" numClasses="12" visitedMethods="44" numMethods="44" />
  <Modules>
    <Module>
      <Summary numSequencePoints="223" visitedSequencePoints="194" numBranchPoints="0" visitedBranchPoints="0" sequenceCoverage="87.00" branchCoverage="0.0" maxCyclomaticComplexity="0" minCyclomaticComplexity="0" maxCrapScore="0" minCrapScore="0" visitedClasses="12" numClasses="12" visitedMethods="44" numMethods="44" />
      <ModuleTime>0001-01-01T00:00:00</ModuleTime>
      <ModuleName>MVPFrogger.Runtime</ModuleName>
      <Files>
        <File uid="1" fullPath="C:/Users/Maxi-/MVPFrogger/Assets/Scripts/Views/GameHudView.cs" />
        <File uid="2" fullPath="C:/Users/Maxi-/MVPFrogger/Assets/Scripts/Views/GameInputView.cs" />
        <File uid="3" fullPath="C:/Users/Maxi-/MVPFrogger/Assets/Scripts/Views/MainMenuView.cs" />
        <File uid="4" fullPath="C:/Users/Maxi-/MVPFrogger/Assets/Scripts/Views/ObstacleView.cs" />
        <File uid="5" fullPath="C:/Users/Maxi-/MVPFrogger/Assets/Scripts/Views/PlayerAnimatorView.cs" />
        <File uid="6" fullPath="C:/Users/Maxi-/MVPFrogger/Assets/Scripts/Views/PlayerCameraView.cs" />
        <File uid="7" fullPath="C:/Users/Maxi-/MVPFrogger/Assets/Scripts/Views/PlayerView.cs" />
        <File uid="8" fullPath="C:/Users/Maxi-/MVPFrogger/Assets/Scripts/Views/UnityApplicationQuitView.cs" />
        <File uid="9" fullPath="C:/Users/Maxi-/MVPFrogger/Assets/Scripts/Views/UnityCarSpawnerView.cs" />
        <File uid="10" fullPath="C:/Users/Maxi-/MVPFrogger/Assets/Scripts/Views/UnitySceneNavigationView.cs" />
        <File uid="11" fullPath="C:/Users/Maxi-/MVPFrogger/Assets/Scripts/Presentation/ApplicationQuitPresenter.cs" />
        <File uid="12" fullPath="C:/Users/Maxi-/MVPFrogger/Assets/Scripts/Presentation/CarSpawnerPresenter.cs" />
        <File uid="13" fullPath="C:/Users/Maxi-/MVPFrogger/Assets/Scripts/Presentation/GameHudPresenter.cs" />
        <File uid="14" fullPath="C:/Users/Maxi-/MVPFrogger/Assets/Scripts/Presentation/GameInputPresenter.cs" />
        <File uid="15" fullPath="C:/Users/Maxi-/MVPFrogger/Assets/Scripts/Presentation/MainMenuPresenter.cs" />
        <File uid="16" fullPath="C:/Users/Maxi-/MVPFrogger/Assets/Scripts/Presentation/NullApplicationQuitView.cs" />
        <File uid="17" fullPath="C:/Users/Maxi-/MVPFrogger/Assets/Scripts/Presentation/NullPlayerAnimationView.cs" />
        <File uid="18" fullPath="C:/Users/Maxi-/MVPFrogger/Assets/Scripts/Presentation/NullSceneNavigationView.cs" />
        <File uid="19" fullPath="C:/Users/Maxi-/MVPFrogger/Assets/Scripts/Presentation/ObstaclePresenter.cs" />
        <File uid="20" fullPath="C:/Users/Maxi-/MVPFrogger/Assets/Scripts/Presentation/PlayerAnimationPresenter.cs" />
        <File uid="21" fullPath="C:/Users/Maxi-/MVPFrogger/Assets/Scripts/Presentation/PlayerPresenter.cs" />
        <File uid="22" fullPath="C:/Users/Maxi-/MVPFrogger/Assets/Scripts/Presentation/SceneNavigationPresenter.cs" />
        <File uid="23" fullPath="C:/Users/Maxi-/MVPFrogger/Assets/Scripts/Model/CarSpawnerModel.cs" />
        <File uid="24" fullPath="C:/Users/Maxi-/MVPFrogger/Assets/Scripts/Model/FroggerGameModel.cs" />
        <File uid="25" fullPath="C:/Users/Maxi-/MVPFrogger/Assets/Scripts/Model/ObstacleModel.cs" />
        <File uid="26" fullPath="C:/Users/Maxi-/MVPFrogger/Assets/Scripts/Factories/UnityCarFactory.cs" />
        <File uid="27" fullPath="C:/Users/Maxi-/MVPFrogger/Assets/Scripts/Configuration/CarMovementConfig.cs" />
        <File uid="28" fullPath="C:/Users/Maxi-/MVPFrogger/Assets/Scripts/Configuration/CarSpawnerConfig.cs" />
        <File uid="29" fullPath="C:/Users/Maxi-/MVPFrogger/Assets/Scripts/Bindings/GamePresenterBinding.cs" />
        <File uid="30" fullPath="C:/Users/Maxi-/MVPFrogger/Assets/Scripts/Bindings/MainMenuPresenterBinding.cs" />
        <File uid="31" fullPath="C:/Users/Maxi-/MVPFrogger/Assets/Scripts/Bindings/ObstaclePresenterBinding.cs" />
      </Files>
      <Classes>
        <Class>
          <Summary numSequencePoints="40" visitedSequencePoints="40" numBranchPoints="0" visitedBranchPoints="0" sequenceCoverage="100.0" branchCoverage="0.0" maxCyclomaticComplexity="0" minCyclomaticComplexity="0" maxCrapScore="0" minCrapScore="0" visitedClasses="1" numClasses="1" visitedMethods="9" numMethods="9" />
          <FullName>MVPFrogger.Views.GameHudView</FullName>
          <Methods>
            <Method visited="true" cyclomaticComplexity="0" nPathComplexity="0" sequenceCoverage="100.0" branchCoverage="0" crapScore="0" isConstructor="false" isStatic="false" isGetter="false" isSetter="false">
              <Summary numSequencePoints="4" visitedSequencePoints="4" numBranchPoints="0" visitedBranchPoints="0" sequenceCoverage="100.0" branchCoverage="0" maxCyclomaticComplexity="0" minCyclomaticComplexity="0" maxCrapScore="0" minCrapScore="0" visitedClasses="0" numClasses="0" visitedMethods="1" numMethods="1" />
              <MetadataToken>100663303</MetadataToken>
              <Name>System.Void MVPFrogger.Views.GameHudView::OnEnable()</Name>
              <FileRef uid="1" />
              <SequencePoints>
                <SequencePoint vc="3" uspid="612" ordinal="0" offset="0" sl="22" sc="9" el="22" ec="9" bec="0" bev="0" fileid="1" />
                <SequencePoint vc="3" uspid="613" ordinal="0" offset="1" sl="23" sc="13" el="23" ec="13" bec="0" bev="0" fileid="1" />
                <SequencePoint vc="3" uspid="614" ordinal="0" offset="25" sl="24" sc="13" el="24" ec="13" bec="0" bev="0" fileid="1" />
                <SequencePoint vc="3" uspid="615" ordinal="0" offset="49" sl="25" sc="9" el="25" ec="9" bec="0" bev="0" fileid="1" />
              </SequencePoints>
              <BranchPoints />
            </Method>
            <Method visited="true" cyclomaticComplexity="0" nPathComplexity="0" sequenceCoverage="100.0" branchCoverage="0" crapScore="0" isConstructor="false" isStatic="false" isGetter="false" isSetter="false">
              <Summary numSequencePoints="4" visitedSequencePoints="4" numBranchPoints="0" visitedBranchPoints="0" sequenceCoverage="100.0" branchCoverage="0" maxCyclomaticComplexity="0" minCyclomaticComplexity="0" maxCrapScore="0" minCrapScore="0" visitedClasses="0" numClasses="0" visitedMethods="1" numMethods="1" />
              <MetadataToken>100663304</MetadataToken>
              <Name>System.Void MVPFrogger.Views.GameHudView::OnDisable()</Name>
              <FileRef uid="1" />
              <SequencePoints>
                <SequencePoint vc="3" uspid="616" ordinal="0" offset="0" sl="28" sc="9" el="28" ec="9" bec="0" bev="0" fileid="1" />
                <SequencePoint vc="3" uspid="617" ordinal="0" offset="1" sl="29" sc="13" el="29" ec="13" bec="0" bev="0" fileid="1" />
                <SequencePoint vc="3" uspid="618" ordinal="0" offset="25" sl="30" sc="13" el="30" ec="13" bec="0" bev="0" fileid="1" />
                <SequencePoint vc="3" uspid="619" ordinal="0" offset="49" sl="31" sc="9" el="31" ec="9" bec="0" bev="0" fileid="1" />
              </SequencePoints>
              <BranchPoints />
            </Method>
            <Method visited="true" cyclomaticComplexity="0" nPathComplexity="0" sequenceCoverage="100.0" branchCoverage="0" crapScore="0" isConstructor="false" isStatic="false" isGetter="false" isSetter="false">
              <Summary numSequencePoints="4" visitedSequencePoints="4" numBranchPoints="0" visitedBranchPoints="0" sequenceCoverage="100.0" branchCoverage="0" maxCyclomaticComplexity="0" minCyclomaticComplexity="0" maxCrapScore="0" minCrapScore="0" visitedClasses="0" numClasses="0" visitedMethods="1" numMethods="1" />
              <MetadataToken>100663305</MetadataToken>
              <Name>System.Void MVPFrogger.Views.GameHudView::ShowPlaying(System.Int32, System.Int32)</Name>
              <FileRef uid="1" />
              <SequencePoints>
                <SequencePoint vc="1" uspid="620" ordinal="0" offset="0" sl="34" sc="9" el="34" ec="9" bec="0" bev="0" fileid="1" />
                <SequencePoint vc="1" uspid="621" ordinal="0" offset="1" sl="35" sc="13" el="35" ec="13" bec="0" bev="0" fileid="1" />
                <SequencePoint vc="1" uspid="622" ordinal="0" offset="14" sl="36" sc="13" el="36" ec="13" bec="0" bev="0" fileid="1" />
                <SequencePoint vc="1" uspid="623" ordinal="0" offset="27" sl="37" sc="9" el="37" ec="9" bec="0" bev="0" fileid="1" />
              </SequencePoints>
              <BranchPoints />
            </Method>
            <Method visited="true" cyclomaticComplexity="0" nPathComplexity="0" sequenceCoverage="100.0" branchCoverage="0" crapScore="0" isConstructor="false" isStatic="false" isGetter="false" isSetter="false">
              <Summary numSequencePoints="4" visitedSequencePoints="4" numBranchPoints="0" visitedBranchPoints="0" sequenceCoverage="100.0" branchCoverage="0" maxCyclomaticComplexity="0" minCyclomaticComplexity="0" maxCrapScore="0" minCrapScore="0" visitedClasses="0" numClasses="0" visitedMethods="1" numMethods="1" />
              <MetadataToken>100663306</MetadataToken>
              <Name>System.Void MVPFrogger.Views.GameHudView::ShowWon()</Name>
              <FileRef uid="1" />
              <SequencePoints>
                <SequencePoint vc="1" uspid="624" ordinal="0" offset="0" sl="40" sc="9" el="40" ec="9" bec="0" bev="0" fileid="1" />
                <SequencePoint vc="1" uspid="625" ordinal="0" offset="1" sl="41" sc="13" el="41" ec="13" bec="0" bev="0" fileid="1" />
                <SequencePoint vc="1" uspid="626" ordinal="0" offset="14" sl="42" sc="13" el="42" ec="13" bec="0" bev="0" fileid="1" />
                <SequencePoint vc="1" uspid="627" ordinal="0" offset="27" sl="43" sc="9" el="43" ec="9" bec="0" bev="0" fileid="1" />
              </SequencePoints>
              <BranchPoints />
            </Method>
            <Method visited="true" cyclomaticComplexity="0" nPathComplexity="0" sequenceCoverage="100.0" branchCoverage="0" crapScore="0" isConstructor="false" isStatic="false" isGetter="false" isSetter="false">
              <Summary numSequencePoints="3" visitedSequencePoints="3" numBranchPoints="0" visitedBranchPoints="0" sequenceCoverage="100.0" branchCoverage="0" maxCyclomaticComplexity="0" minCyclomaticComplexity="0" maxCrapScore="0" minCrapScore="0" visitedClasses="0" numClasses="0" visitedMethods="1" numMethods="1" />
              <MetadataToken>100663307</MetadataToken>
              <Name>System.Void MVPFrogger.Views.GameHudView::OnPlayAgainClicked()</Name>
              <FileRef uid="1" />
              <SequencePoints>
                <SequencePoint vc="1" uspid="628" ordinal="0" offset="0" sl="46" sc="9" el="46" ec="9" bec="0" bev="0" fileid="1" />
                <SequencePoint vc="1" uspid="629" ordinal="0" offset="1" sl="47" sc="13" el="47" ec="13" bec="0" bev="0" fileid="1" />
                <SequencePoint vc="1" uspid="630" ordinal="0" offset="19" sl="48" sc="9" el="48" ec="9" bec="0" bev="0" fileid="1" />
              </SequencePoints>
              <BranchPoints />
            </Method>
            <Method visited="true" cyclomaticComplexity="0" nPathComplexity="0" sequenceCoverage="100.0" branchCoverage="0" crapScore="0" isConstructor="false" isStatic="false" isGetter="false" isSetter="false">
              <Summary numSequencePoints="3" visitedSequencePoints="3" numBranchPoints="0" visitedBranchPoints="0" sequenceCoverage="100.0" branchCoverage="0" maxCyclomaticComplexity="0" minCyclomaticComplexity="0" maxCrapScore="0" minCrapScore="0" visitedClasses="0" numClasses="0" visitedMethods="1" numMethods="1" />
              <MetadataToken>100663308</MetadataToken>
              <Name>System.Void MVPFrogger.Views.GameHudView::OnBackToMenuClicked()</Name>
              <FileRef uid="1" />
              <SequencePoints>
                <SequencePoint vc="1" uspid="631" ordinal="0" offset="0" sl="51" sc="9" el="51" ec="9" bec="0" bev="0" fileid="1" />
                <SequencePoint vc="1" uspid="632" ordinal="0" offset="1" sl="52" sc="13" el="52" ec="13" bec="0" bev="0" fileid="1" />
                <SequencePoint vc="1" uspid="633" ordinal="0" offset="19" sl="53" sc="9" el="53" ec="9" bec="0" bev="0" fileid="1" />
              </SequencePoints>
              <BranchPoints />
            </Method>
            <Method visited="true" cyclomaticComplexity="0" nPathComplexity="0" sequenceCoverage="100.0" branchCoverage="0" crapScore="0" isConstructor="false" isStatic="true" isGetter="false" isSetter="false">
              <Summary numSequencePoints="6" visitedSequencePoints="6" numBranchPoints="0" visitedBranchPoints="0" sequenceCoverage="100.0" branchCoverage="0" maxCyclomaticComplexity="0" minCyclomaticComplexity="0" maxCrapScore="0" minCrapScore="0" visitedClasses="0" numClasses="0" visitedMethods="1" numMethods="1" />
              <MetadataToken>100663309</MetadataToken>
              <Name>static System.Void MVPFrogger.Views.GameHudView::AddListener(UnityEngine.UI.Button, UnityEngine.Events.UnityAction)</Name>
              <FileRef uid="1" />
              <SequencePoints>
                <SequencePoint vc="6" uspid="634" ordinal="0" offset="0" sl="56" sc="9" el="56" ec="9" bec="0" bev="0" fileid="1" />
                <SequencePoint vc="6" uspid="635" ordinal="0" offset="1" sl="57" sc="13" el="57" ec="13" bec="0" bev="0" fileid="1" />
                <SequencePoint vc="2" uspid="636" ordinal="0" offset="12" sl="58" sc="13" el="58" ec="13" bec="0" bev="0" fileid="1" />
                <SequencePoint vc="2" uspid="637" ordinal="0" offset="13" sl="59" sc="17" el="59" ec="17" bec="0" bev="0" fileid="1" />
                <SequencePoint vc="2" uspid="638" ordinal="0" offset="26" sl="60" sc="13" el="60" ec="13" bec="0" bev="0" fileid="1" />
                <SequencePoint vc="6" uspid="639" ordinal="0" offset="27" sl="61" sc="9" el="61" ec="9" bec="0" bev="0" fileid="1" />
              </SequencePoints>
              <BranchPoints />
            </Method>
            <Method visited="true" cyclomaticComplexity="0" nPathComplexity="0" sequenceCoverage="100.0" branchCoverage="0" crapScore="0" isConstructor="false" isStatic="true" isGetter="false" isSetter="false">
              <Summary numSequencePoints="6" visitedSequencePoints="6" numBranchPoints="0" visitedBranchPoints="0" sequenceCoverage="100.0" branchCoverage="0" maxCyclomaticComplexity="0" minCyclomaticComplexity="0" maxCrapScore="0" minCrapScore="0" visitedClasses="0" numClasses="0" visitedMethods="1" numMethods="1" />
              <MetadataToken>100663310</MetadataToken>
              <Name>static System.Void MVPFrogger.Views.GameHudView::RemoveListener(UnityEngine.UI.Button, UnityEngine.Events.UnityAction)</Name>
              <FileRef uid="1" />
              <SequencePoints>
                <SequencePoint vc="6" uspid="640" ordinal="0" offset="0" sl="64" sc="9" el="64" ec="9" bec="0" bev="0" fileid="1" />
                <SequencePoint vc="6" uspid="641" ordinal="0" offset="1" sl="65" sc="13" el="65" ec="13" bec="0" bev="0" fileid="1" />
                <SequencePoint vc="2" uspid="642" ordinal="0" offset="12" sl="66" sc="13" el="66" ec="13" bec="0" bev="0" fileid="1" />
                <SequencePoint vc="2" uspid="643" ordinal="0" offset="13" sl="67" sc="17" el="67" ec="17" bec="0" bev="0" fileid="1" />
                <SequencePoint vc="2" uspid="644" ordinal="0" offset="26" sl="68" sc="13" el="68" ec="13" bec="0" bev="0" fileid="1" />
                <SequencePoint vc="6" uspid="645" ordinal="0" offset="27" sl="69" sc="9" el="69" ec="9" bec="0" bev="0" fileid="1" />
              </SequencePoints>
              <BranchPoints />
            </Method>
            <Method visited="true" cyclomaticComplexity="0" nPathComplexity="0" sequenceCoverage="100.0" branchCoverage="0" crapScore="0" isConstructor="false" isStatic="true" isGetter="false" isSetter="false">
              <Summary numSequencePoints="6" visitedSequencePoints="6" numBranchPoints="0" visitedBranchPoints="0" sequenceCoverage="100.0" branchCoverage="0" maxCyclomaticComplexity="0" minCyclomaticComplexity="0" maxCrapScore="0" minCrapScore="0" visitedClasses="0" numClasses="0" visitedMethods="1" numMethods="1" />
              <MetadataToken>100663311</MetadataToken>
              <Name>static System.Void MVPFrogger.Views.GameHudView::SetActive(UnityEngine.GameObject, System.Boolean)</Name>
              <FileRef uid="1" />
              <SequencePoints>
                <SequencePoint vc="4" uspid="646" ordinal="0" offset="0" sl="72" sc="9" el="72" ec="9" bec="0" bev="0" fileid="1" />
                <SequencePoint vc="4" uspid="647" ordinal="0" offset="1" sl="73" sc="13" el="73" ec="13" bec="0" bev="0" fileid="1" />
                <SequencePoint vc="4" uspid="648" ordinal="0" offset="12" sl="74" sc="13" el="74" ec="13" bec="0" bev="0" fileid="1" />
                <SequencePoint vc="4" uspid="649" ordinal="0" offset="13" sl="75" sc="17" el="75" ec="17" bec="0" bev="0" fileid="1" />
                <SequencePoint vc="4" uspid="650" ordinal="0" offset="21" sl="76" sc="13" el="76" ec="13" bec="0" bev="0" fileid="1" />
                <SequencePoint vc="4" uspid="651" ordinal="0" offset="22" sl="77" sc="9" el="77" ec="9" bec="0" bev="0" fileid="1" />
              </SequencePoints>
              <BranchPoints />
            </Method>
          </Methods>
        </Class>
        <Class>
          <Summary numSequencePoints="26" visitedSequencePoints="26" numBranchPoints="0" visitedBranchPoints="0" sequenceCoverage="100.0" branchCoverage="0.0" maxCyclomaticComplexity="0" minCyclomaticComplexity="0" maxCrapScore="0" minCrapScore="0" visitedClasses="1" numClasses="1" visitedMethods="6" numMethods="6" />
          <FullName>MVPFrogger.Views.MainMenuView</FullName>
          <Methods>
            <Method visited="true" cyclomaticComplexity="0" nPathComplexity="0" sequenceCoverage="100.0" branchCoverage="0" crapScore="0" isConstructor="false" isStatic="false" isGetter="false" isSetter="false">
              <Summary numSequencePoints="4" visitedSequencePoints="4" numBranchPoints="0" visitedBranchPoints="0" sequenceCoverage="100.0" branchCoverage="0" maxCyclomaticComplexity="0" minCyclomaticComplexity="0" maxCrapScore="0" minCrapScore="0" visitedClasses="0" numClasses="0" visitedMethods="1" numMethods="1" />
              <MetadataToken>100663326</MetadataToken>
              <Name>System.Void MVPFrogger.Views.MainMenuView::OnEnable()</Name>
              <FileRef uid="3" />
              <SequencePoints>
                <SequencePoint vc="1" uspid="669" ordinal="0" offset="0" sl="17" sc="9" el="17" ec="9" bec="0" bev="0" fileid="3" />
                <SequencePoint vc="1" uspid="670" ordinal="0" offset="1" sl="18" sc="13" el="18" ec="13" bec="0" bev="0" fileid="3" />
                <SequencePoint vc="1" uspid="671" ordinal="0" offset="25" sl="19" sc="13" el="19" ec="13" bec="0" bev="0" fileid="3" />
                <SequencePoint vc="1" uspid="672" ordinal="0" offset="49" sl="20" sc="9" el="20" ec="9" bec="0" bev="0" fileid="3" />
              </SequencePoints>
              <BranchPoints />
            </Method>
            <Method visited="true" cyclomaticComplexity="0" nPathComplexity="0" sequenceCoverage="100.0" branchCoverage="0" crapScore="0" isConstructor="false" isStatic="false" isGetter="false" isSetter="false">
              <Summary numSequencePoints="4" visitedSequencePoints="4" numBranchPoints="0" visitedBranchPoints="0" sequenceCoverage="100.0" branchCoverage="0" maxCyclomaticComplexity="0" minCyclomaticComplexity="0" maxCrapScore="0" minCrapScore="0" visitedClasses="0" numClasses="0" visitedMethods="1" numMethods="1" />
              <MetadataToken>100663327</MetadataToken>
              <Name>System.Void MVPFrogger.Views.MainMenuView::OnDisable()</Name>
              <FileRef uid="3" />
              <SequencePoints>
                <SequencePoint vc="1" uspid="673" ordinal="0" offset="0" sl="23" sc="9" el="23" ec="9" bec="0" bev="0" fileid="3" />
                <SequencePoint vc="1" uspid="674" ordinal="0" offset="1" sl="24" sc="13" el="24" ec="13" bec="0" bev="0" fileid="3" />
                <SequencePoint vc="1" uspid="675" ordinal="0" offset="25" sl="25" sc="13" el="25" ec="13" bec="0" bev="0" fileid="3" />
                <SequencePoint vc="1" uspid="676" ordinal="0" offset="49" sl="26" sc="9" el="26" ec="9" bec="0" bev="0" fileid="3" />
              </SequencePoints>
              <BranchPoints />
            </Method>
            <Method visited="true" cyclomaticComplexity="0" nPathComplexity="0" sequenceCoverage="100.0" branchCoverage="0" crapScore="0" isConstructor="false" isStatic="false" isGetter="false" isSetter="false">
              <Summary numSequencePoints="3" visitedSequencePoints="3" numBranchPoints="0" visitedBranchPoints="0" sequenceCoverage="100.0" branchCoverage="0" maxCyclomaticComplexity="0" minCyclomaticComplexity="0" maxCrapScore="0" minCrapScore="0" visitedClasses="0" numClasses="0" visitedMethods="1" numMethods="1" />
              <MetadataToken>100663328</MetadataToken>
              <Name>System.Void MVPFrogger.Views.MainMenuView::OnStartGameClicked()</Name>
              <FileRef uid="3" />
              <SequencePoints>
                <SequencePoint vc="1" uspid="677" ordinal="0" offset="0" sl="29" sc="9" el="29" ec="9" bec="0" bev="0" fileid="3" />
                <SequencePoint vc="1" uspid="678" ordinal="0" offset="1" sl="30" sc="13" el="30" ec="13" bec="0" bev="0" fileid="3" />
                <SequencePoint vc="1" uspid="679" ordinal="0" offset="19" sl="31" sc="9" el="31" ec="9" bec="0" bev="0" fileid="3" />
              </SequencePoints>
              <BranchPoints />
            </Method>
            <Method visited="true" cyclomaticComplexity="0" nPathComplexity="0" sequenceCoverage="100.0" branchCoverage="0" crapScore="0" isConstructor="false" isStatic="false" isGetter="false" isSetter="false">
              <Summary numSequencePoints="3" visitedSequencePoints="3" numBranchPoints="0" visitedBranchPoints="0" sequenceCoverage="100.0" branchCoverage="0" maxCyclomaticComplexity="0" minCyclomaticComplexity="0" maxCrapScore="0" minCrapScore="0" visitedClasses="0" numClasses="0" visitedMethods="1" numMethods="1" />
              <MetadataToken>100663329</MetadataToken>
              <Name>System.Void MVPFrogger.Views.MainMenuView::OnExitClicked()</Name>
              <FileRef uid="3" />
              <SequencePoints>
                <SequencePoint vc="1" uspid="680" ordinal="0" offset="0" sl="34" sc="9" el="34" ec="9" bec="0" bev="0" fileid="3" />
                <SequencePoint vc="1" uspid="681" ordinal="0" offset="1" sl="35" sc="13" el="35" ec="13" bec="0" bev="0" fileid="3" />
                <SequencePoint vc="1" uspid="682" ordinal="0" offset="19" sl="36" sc="9" el="36" ec="9" bec="0" bev="0" fileid="3" />
              </SequencePoints>
              <BranchPoints />
            </Method>
            <Method visited="true" cyclomaticComplexity="0" nPathComplexity="0" sequenceCoverage="100.0" branchCoverage="0" crapScore="0" isConstructor="false" isStatic="true" isGetter="false" isSetter="false">
              <Summary numSequencePoints="6" visitedSequencePoints="6" numBranchPoints="0" visitedBranchPoints="0" sequenceCoverage="100.0" branchCoverage="0" maxCyclomaticComplexity="0" minCyclomaticComplexity="0" maxCrapScore="0" minCrapScore="0" visitedClasses="0" numClasses="0" visitedMethods="1" numMethods="1" />
              <MetadataToken>100663330</MetadataToken>
              <Name>static System.Void MVPFrogger.Views.MainMenuView::AddListener(UnityEngine.UI.Button, UnityEngine.Events.UnityAction)</Name>
              <FileRef uid="3" />
              <SequencePoints>
                <SequencePoint vc="2" uspid="683" ordinal="0" offset="0" sl="39" sc="9" el="39" ec="9" bec="0" bev="0" fileid="3" />
                <SequencePoint vc="2" uspid="684" ordinal="0" offset="1" sl="40" sc="13" el="40" ec="13" bec="0" bev="0" fileid="3" />
                <SequencePoint vc="2" uspid="685" ordinal="0" offset="12" sl="41" sc="13" el="41" ec="13" bec="0" bev="0" fileid="3" />
                <SequencePoint vc="2" uspid="686" ordinal="0" offset="13" sl="42" sc="17" el="42" ec="17" bec="0" bev="0" fileid="3" />
                <SequencePoint vc="2" uspid="687" ordinal="0" offset="26" sl="43" sc="13" el="43" ec="13" bec="0" bev="0" fileid="3" />
                <SequencePoint vc="2" uspid="688" ordinal="0" offset="27" sl="44" sc="9" el="44" ec="9" bec="0" bev="0" fileid="3" />
              </SequencePoints>
              <BranchPoints />
            </Method>
            <Method visited="true" cyclomaticComplexity="0" nPathComplexity="0" sequenceCoverage="100.0" branchCoverage="0" crapScore="0" isConstructor="false" isStatic="true" isGetter="false" isSetter="false">
              <Summary numSequencePoints="6" visitedSequencePoints="6" numBranchPoints="0" visitedBranchPoints="0" sequenceCoverage="100.0" branchCoverage="0" maxCyclomaticComplexity="0" minCyclomaticComplexity="0" maxCrapScore="0" minCrapScore="0" visitedClasses="0" numClasses="0" visitedMethods="1" numMethods="1" />
              <MetadataToken>100663331</MetadataToken>
              <Name>static System.Void MVPFrogger.Views.MainMenuView::RemoveListener(UnityEngine.UI.Button, UnityEngine.Events.UnityAction)</Name>
              <FileRef uid="3" />
              <SequencePoints>
                <SequencePoint vc="2" uspid="689" ordinal="0" offset="0" sl="47" sc="9" el="47" ec="9" bec="0" bev="0" fileid="3" />
                <SequencePoint vc="2" uspid="690" ordinal="0" offset="1" sl="48" sc="13" el="48" ec="13" bec="0" bev="0" fileid="3" />
                <SequencePoint vc="2" uspid="691" ordinal="0" offset="12" sl="49" sc="13" el="49" ec="13" bec="0" bev="0" fileid="3" />
                <SequencePoint vc="2" uspid="692" ordinal="0" offset="13" sl="50" sc="17" el="50" ec="17" bec="0" bev="0" fileid="3" />
                <SequencePoint vc="2" uspid="693" ordinal="0" offset="26" sl="51" sc="13" el="51" ec="13" bec="0" bev="0" fileid="3" />
                <SequencePoint vc="2" uspid="694" ordinal="0" offset="27" sl="52" sc="9" el="52" ec="9" bec="0" bev="0" fileid="3" />
              </SequencePoints>
              <BranchPoints />
            </Method>
          </Methods>
        </Class>
        <Class>
          <Summary numSequencePoints="4" visitedSequencePoints="4" numBranchPoints="0" visitedBranchPoints="0" sequenceCoverage="100.0" branchCoverage="0.0" maxCyclomaticComplexity="0" minCyclomaticComplexity="0" maxCrapScore="0" minCrapScore="0" visitedClasses="1" numClasses="1" visitedMethods="2" numMethods="2" />
          <FullName>MVPFrogger.Views.ObstacleView</FullName>
          <Methods>
            <Method visited="true" cyclomaticComplexity="0" nPathComplexity="0" sequenceCoverage="100.0" branchCoverage="0" crapScore="0" isConstructor="false" isStatic="false" isGetter="true" isSetter="false">
              <Summary numSequencePoints="1" visitedSequencePoints="1" numBranchPoints="0" visitedBranchPoints="0" sequenceCoverage="100.0" branchCoverage="0" maxCyclomaticComplexity="0" minCyclomaticComplexity="0" maxCrapScore="0" minCrapScore="0" visitedClasses="0" numClasses="0" visitedMethods="1" numMethods="1" />
              <MetadataToken>100663333</MetadataToken>
              <Name>UnityEngine.Transform MVPFrogger.Views.ObstacleView::get_Target()</Name>
              <FileRef uid="4" />
              <SequencePoints>
                <SequencePoint vc="2" uspid="695" ordinal="0" offset="0" sl="10" sc="37" el="10" ec="37" bec="0" bev="0" fileid="4" />
              </SequencePoints>
              <BranchPoints />
            </Method>
            <Method visited="true" cyclomaticComplexity="0" nPathComplexity="0" sequenceCoverage="100.0" branchCoverage="0" crapScore="0" isConstructor="false" isStatic="false" isGetter="false" isSetter="false">
              <Summary numSequencePoints="3" visitedSequencePoints="3" numBranchPoints="0" visitedBranchPoints="0" sequenceCoverage="100.0" branchCoverage="0" maxCyclomaticComplexity="0" minCyclomaticComplexity="0" maxCrapScore="0" minCrapScore="0" visitedClasses="0" numClasses="0" visitedMethods="1" numMethods="1" />
              <MetadataToken>100663334</MetadataToken>
              <Name>System.Void MVPFrogger.Views.ObstacleView::Move(System.Single)</Name>
              <FileRef uid="4" />
              <SequencePoints>
                <SequencePoint vc="1" uspid="696" ordinal="0" offset="0" sl="13" sc="9" el="13" ec="9" bec="0" bev="0" fileid="4" />
                <SequencePoint vc="1" uspid="697" ordinal="0" offset="1" sl="14" sc="13" el="14" ec="13" bec="0" bev="0" fileid="4" />
                <SequencePoint vc="1" uspid="698" ordinal="0" offset="41" sl="15" sc="9" el="15" ec="9" bec="0" bev="0" fileid="4" />
              </SequencePoints>
              <BranchPoints />
            </Method>
          </Methods>
        </Class>
        <Class>
          <Summary numSequencePoints="20" visitedSequencePoints="16" numBranchPoints="0" visitedBranchPoints="0" sequenceCoverage="80.00" branchCoverage="0.0" maxCyclomaticComplexity="0" minCyclomaticComplexity="0" maxCrapScore="0" minCrapScore="0" visitedClasses="1" numClasses="1" visitedMethods="5" numMethods="5" />
          <FullName>MVPFrogger.Views.PlayerAnimatorView</FullName>
          <Methods>
            <Method visited="true" cyclomaticComplexity="0" nPathComplexity="0" sequenceCoverage="100.0" branchCoverage="0" crapScore="0" isConstructor="false" isStatic="false" isGetter="false" isSetter="false">
              <Summary numSequencePoints="3" visitedSequencePoints="3" numBranchPoints="0" visitedBranchPoints="0" sequenceCoverage="100.0" branchCoverage="0" maxCyclomaticComplexity="0" minCyclomaticComplexity="0" maxCrapScore="0" minCrapScore="0" visitedClasses="0" numClasses="0" visitedMethods="1" numMethods="1" />
              <MetadataToken>100663336</MetadataToken>
              <Name>System.Void MVPFrogger.Views.PlayerAnimatorView::PlayIdle()</Name>
              <FileRef uid="5" />
              <SequencePoints>
                <SequencePoint vc="1" uspid="699" ordinal="0" offset="0" sl="14" sc="9" el="14" ec="9" bec="0" bev="0" fileid="5" />
                <SequencePoint vc="1" uspid="700" ordinal="0" offset="1" sl="15" sc="13" el="15" ec="13" bec="0" bev="0" fileid="5" />
                <SequencePoint vc="1" uspid="701" ordinal="0" offset="14" sl="16" sc="9" el="16" ec="9" bec="0" bev="0" fileid="5" />
              </SequencePoints>
              <BranchPoints />
            </Method>
            <Method visited="true" cyclomaticComplexity="0" nPathComplexity="0" sequenceCoverage="100.0" branchCoverage="0" crapScore="0" isConstructor="false" isStatic="false" isGetter="false" isSetter="false">
              <Summary numSequencePoints="3" visitedSequencePoints="3" numBranchPoints="0" visitedBranchPoints="0" sequenceCoverage="100.0" branchCoverage="0" maxCyclomaticComplexity="0" minCyclomaticComplexity="0" maxCrapScore="0" minCrapScore="0" visitedClasses="0" numClasses="0" visitedMethods="1" numMethods="1" />
              <MetadataToken>100663337</MetadataToken>
              <Name>System.Void MVPFrogger.Views.PlayerAnimatorView::PlayMoveForward()</Name>
              <FileRef uid="5" />
              <SequencePoints>
                <SequencePoint vc="1" uspid="702" ordinal="0" offset="0" sl="19" sc="9" el="19" ec="9" bec="0" bev="0" fileid="5" />
                <SequencePoint vc="1" uspid="703" ordinal="0" offset="1" sl="20" sc="13" el="20" ec="13" bec="0" bev="0" fileid="5" />
                <SequencePoint vc="1" uspid="704" ordinal="0" offset="14" sl="21" sc="9" el="21" ec="9" bec="0" bev="0" fileid="5" />
              </SequencePoints>
              <BranchPoints />
            </Method>
            <Method visited="true" cyclomaticComplexity="0" nPathComplexity="0" sequenceCoverage="100.0" branchCoverage="0" crapScore="0" isConstructor="false" isStatic="false" isGetter="false" isSetter="false">
              <Summary numSequencePoints="3" visitedSequencePoints="3" numBranchPoints="0" visitedBranchPoints="0" sequenceCoverage="100.0" branchCoverage="0" maxCyclomaticComplexity="0" minCyclomaticComplexity="0" maxCrapScore="0" minCrapScore="0" visitedClasses="0" numClasses="0" visitedMethods="1" numMethods="1" />
              <MetadataToken>100663338</MetadataToken>
              <Name>System.Void MVPFrogger.Views.PlayerAnimatorView::PlayMoveBackward()</Name>
              <FileRef uid="5" />
              <SequencePoints>
                <SequencePoint vc="1" uspid="705" ordinal="0" offset="0" sl="24" sc="9" el="24" ec="9" bec="0" bev="0" fileid="5" />
                <SequencePoint vc="1" uspid="706" ordinal="0" offset="1" sl="25" sc="13" el="25" ec="13" bec="0" bev="0" fileid="5" />
                <SequencePoint vc="1" uspid="707" ordinal="0" offset="14" sl="26" sc="9" el="26" ec="9" bec="0" bev="0" fileid="5" />
              </SequencePoints>
              <BranchPoints />
            </Method>
            <Method visited="true" cyclomaticComplexity="0" nPathComplexity="0" sequenceCoverage="50.00" branchCoverage="0" crapScore="0" isConstructor="false" isStatic="false" isGetter="false" isSetter="false">
              <Summary numSequencePoints="8" visitedSequencePoints="4" numBranchPoints="0" visitedBranchPoints="0" sequenceCoverage="50.00" branchCoverage="0" maxCyclomaticComplexity="0" minCyclomaticComplexity="0" maxCrapScore="0" minCrapScore="0" visitedClasses="0" numClasses="0" visitedMethods="1" numMethods="1" />
              <MetadataToken>100663339</MetadataToken>
              <Name>System.Void MVPFrogger.Views.PlayerAnimatorView::SetExclusiveTrigger(System.String)</Name>
              <FileRef uid="5" />
              <SequencePoints>
                <SequencePoint vc="3" uspid="708" ordinal="0" offset="0" sl="29" sc="9" el="29" ec="9" bec="0" bev="0" fileid="5" />
                <SequencePoint vc="3" uspid="709" ordinal="0" offset="1" sl="30" sc="13" el="30" ec="13" bec="0" bev="0" fileid="5" />
                <SequencePoint vc="3" uspid="710" ordinal="0" offset="28" sl="31" sc="17" el="31" ec="17" bec="0" bev="0" fileid="5" />
                <SequencePoint vc="0" uspid="711" ordinal="0" offset="30" sl="33" sc="13" el="33" ec="13" bec="0" bev="0" fileid="5" />
                <SequencePoint vc="0" uspid="712" ordinal="0" offset="43" sl="34" sc="13" el="34" ec="13" bec="0" bev="0" fileid="5" />
                <SequencePoint vc="0" uspid="713" ordinal="0" offset="56" sl="35" sc="13" el="35" ec="13" bec="0" bev="0" fileid="5" />
                <SequencePoint vc="0" uspid="714" ordinal="0" offset="69" sl="36" sc="13" el="36" ec="13" bec="0" bev="0" fileid="5" />
                <SequencePoint vc="3" uspid="715" ordinal="0" offset="82" sl="37" sc="9" el="37" ec="9" bec="0" bev="0" fileid="5" />
              </SequencePoints>
              <BranchPoints />
            </Method>
            <Method visited="true" cyclomaticComplexity="0" nPathComplexity="0" sequenceCoverage="100.0" branchCoverage="0" crapScore="0" isConstructor="true" isStatic="false" isGetter="false" isSetter="false">
              <Summary numSequencePoints="3" visitedSequencePoints="3" numBranchPoints="0" visitedBranchPoints="0" sequenceCoverage="100.0" branchCoverage="0" maxCyclomaticComplexity="0" minCyclomaticComplexity="0" maxCrapScore="0" minCrapScore="0" visitedClasses="0" numClasses="0" visitedMethods="1" numMethods="1" />
              <MetadataToken>100663341</MetadataToken>
              <Name>MVPFrogger.Views.PlayerAnimatorView::PlayerAnimatorView()</Name>
              <FileRef uid="5" />
              <SequencePoints>
                <SequencePoint vc="1" uspid="720" ordinal="0" offset="0" sl="9" sc="26" el="9" ec="26" bec="0" bev="0" fileid="5" />
                <SequencePoint vc="1" uspid="721" ordinal="0" offset="11" sl="10" sc="26" el="10" ec="26" bec="0" bev="0" fileid="5" />
                <SequencePoint vc="1" uspid="722" ordinal="0" offset="22" sl="11" sc="26" el="11" ec="26" bec="0" bev="0" fileid="5" />
              </SequencePoints>
              <BranchPoints />
            </Method>
          </Methods>
        </Class>
        <Class>
          <Summary numSequencePoints="15" visitedSequencePoints="13" numBranchPoints="0" visitedBranchPoints="0" sequenceCoverage="86.67" branchCoverage="0.0" maxCyclomaticComplexity="0" minCyclomaticComplexity="0" maxCrapScore="0" minCrapScore="0" visitedClasses="1" numClasses="1" visitedMethods="2" numMethods="2" />
          <FullName>MVPFrogger.Views.PlayerCameraView</FullName>
          <Methods>
            <Method visited="true" cyclomaticComplexity="0" nPathComplexity="0" sequenceCoverage="80.00" branchCoverage="0" crapScore="0" isConstructor="false" isStatic="false" isGetter="false" isSetter="false">
              <Summary numSequencePoints="10" visitedSequencePoints="8" numBranchPoints="0" visitedBranchPoints="0" sequenceCoverage="80.00" branchCoverage="0" maxCyclomaticComplexity="0" minCyclomaticComplexity="0" maxCrapScore="0" minCrapScore="0" visitedClasses="0" numClasses="0" visitedMethods="1" numMethods="1" />
              <MetadataToken>100663342</MetadataToken>
              <Name>System.Void MVPFrogger.Views.PlayerCameraView::LateUpdate()</Name>
              <FileRef uid="6" />
              <SequencePoints>
                <SequencePoint vc="1" uspid="723" ordinal="0" offset="0" sl="15" sc="9" el="15" ec="9" bec="0" bev="0" fileid="6" />
                <SequencePoint vc="1" uspid="724" ordinal="0" offset="1" sl="16" sc="13" el="16" ec="13" bec="0" bev="0" fileid="6" />
                <SequencePoint vc="0" uspid="725" ordinal="0" offset="17" sl="17" sc="13" el="17" ec="13" bec="0" bev="0" fileid="6" />
                <SequencePoint vc="0" uspid="726" ordinal="0" offset="18" sl="18" sc="17" el="18" ec="17" bec="0" bev="0" fileid="6" />
                <SequencePoint vc="1" uspid="727" ordinal="0" offset="23" sl="21" sc="13" el="21" ec="13" bec="0" bev="0" fileid="6" />
                <SequencePoint vc="1" uspid="728" ordinal="0" offset="35" sl="22" sc="13" el="22" ec="13" bec="0" bev="0" fileid="6" />
                <SequencePoint vc="1" uspid="729" ordinal="0" offset="85" sl="23" sc="13" el="23" ec="13" bec="0" bev="0" fileid="6" />
                <SequencePoint vc="1" uspid="730" ordinal="0" offset="114" sl="25" sc="13" el="25" ec="13" bec="0" bev="0" fileid="6" />
                <SequencePoint vc="1" uspid="731" ordinal="0" offset="155" sl="26" sc="13" el="26" ec="13" bec="0" bev="0" fileid="6" />
                <SequencePoint vc="1" uspid="732" ordinal="0" offset="194" sl="27" sc="9" el="27" ec="9" bec="0" bev="0" fileid="6" />
              </SequencePoints>
              <BranchPoints />
            </Method>
            <Method visited="true" cyclomaticComplexity="0" nPathComplexity="0" sequenceCoverage="100.0" branchCoverage="0" crapScore="0" isConstructor="true" isStatic="false" isGetter="false" isSetter="false">
              <Summary numSequencePoints="5" visitedSequencePoints="5" numBranchPoints="0" visitedBranchPoints="0" sequenceCoverage="100.0" branchCoverage="0" maxCyclomaticComplexity="0" minCyclomaticComplexity="0" maxCrapScore="0" minCrapScore="0" visitedClasses="0" numClasses="0" visitedMethods="1" numMethods="1" />
              <MetadataToken>100663343</MetadataToken>
              <Name>MVPFrogger.Views.PlayerCameraView::PlayerCameraView()</Name>
              <FileRef uid="6" />
              <SequencePoints>
                <SequencePoint vc="1" uspid="733" ordinal="0" offset="0" sl="8" sc="26" el="8" ec="26" bec="0" bev="0" fileid="6" />
                <SequencePoint vc="1" uspid="734" ordinal="0" offset="26" sl="9" sc="26" el="9" ec="26" bec="0" bev="0" fileid="6" />
                <SequencePoint vc="1" uspid="735" ordinal="0" offset="37" sl="10" sc="26" el="10" ec="26" bec="0" bev="0" fileid="6" />
                <SequencePoint vc="1" uspid="736" ordinal="0" offset="48" sl="11" sc="26" el="11" ec="26" bec="0" bev="0" fileid="6" />
                <SequencePoint vc="1" uspid="737" ordinal="0" offset="59" sl="12" sc="26" el="12" ec="26" bec="0" bev="0" fileid="6" />
              </SequencePoints>
              <BranchPoints />
            </Method>
          </Methods>
        </Class>
        <Class>
          <Summary numSequencePoints="25" visitedSequencePoints="19" numBranchPoints="0" visitedBranchPoints="0" sequenceCoverage="76.00" branchCoverage="0.0" maxCyclomaticComplexity="0" minCyclomaticComplexity="0" maxCrapScore="0" minCrapScore="0" visitedClasses="1" numClasses="1" visitedMethods="4" numMethods="4" />
          <FullName>MVPFrogger.Views.PlayerView</FullName>
          <Methods>
            <Method visited="true" cyclomaticComplexity="0" nPathComplexity="0" sequenceCoverage="100.0" branchCoverage="0" crapScore="0" isConstructor="false" isStatic="false" isGetter="true" isSetter="false">
              <Summary numSequencePoints="1" visitedSequencePoints="1" numBranchPoints="0" visitedBranchPoints="0" sequenceCoverage="100.0" branchCoverage="0" maxCyclomaticComplexity="0" minCyclomaticComplexity="0" maxCrapScore="0" minCrapScore="0" visitedClasses="0" numClasses="0" visitedMethods="1" numMethods="1" />
              <MetadataToken>100663346</MetadataToken>
              <Name>UnityEngine.Transform MVPFrogger.Views.PlayerView::get_Target()</Name>
              <FileRef uid="7" />
              <SequencePoints>
                <SequencePoint vc="26" uspid="738" ordinal="0" offset="0" sl="19" sc="37" el="19" ec="37" bec="0" bev="0" fileid="7" />
              </SequencePoints>
              <BranchPoints />
            </Method>
            <Method visited="true" cyclomaticComplexity="0" nPathComplexity="0" sequenceCoverage="62.50" branchCoverage="0" crapScore="0" isConstructor="false" isStatic="false" isGetter="false" isSetter="false">
              <Summary numSequencePoints="16" visitedSequencePoints="10" numBranchPoints="0" visitedBranchPoints="0" sequenceCoverage="62.50" branchCoverage="0" maxCyclomaticComplexity="0" minCyclomaticComplexity="0" maxCrapScore="0" minCrapScore="0" visitedClasses="0" numClasses="0" visitedMethods="1" numMethods="1" />
              <MetadataToken>100663347</MetadataToken>
              <Name>System.Void MVPFrogger.Views.PlayerView::ShowLane(System.Int32, System.Boolean)</Name>
              <FileRef uid="7" />
              <SequencePoints>
                <SequencePoint vc="2" uspid="739" ordinal="0" offset="0" sl="22" sc="9" el="22" ec="9" bec="0" bev="0" fileid="7" />
                <SequencePoint vc="2" uspid="740" ordinal="0" offset="1" sl="23" sc="13" el="23" ec="13" bec="0" bev="0" fileid="7" />
                <SequencePoint vc="0" uspid="741" ordinal="0" offset="45" sl="24" sc="13" el="24" ec="13" bec="0" bev="0" fileid="7" />
                <SequencePoint vc="0" uspid="742" ordinal="0" offset="46" sl="25" sc="17" el="25" ec="17" bec="0" bev="0" fileid="7" />
                <SequencePoint vc="2" uspid="743" ordinal="0" offset="48" sl="28" sc="13" el="28" ec="13" bec="0" bev="0" fileid="7" />
                <SequencePoint vc="2" uspid="744" ordinal="0" offset="62" sl="30" sc="13" el="30" ec="13" bec="0" bev="0" fileid="7" />
                <SequencePoint vc="0" uspid="745" ordinal="0" offset="75" sl="31" sc="13" el="31" ec="13" bec="0" bev="0" fileid="7" />
                <SequencePoint vc="0" uspid="746" ordinal="0" offset="76" sl="32" sc="17" el="32" ec="17" bec="0" bev="0" fileid="7" />
                <SequencePoint vc="0" uspid="747" ordinal="0" offset="89" sl="33" sc="17" el="33" ec="17" bec="0" bev="0" fileid="7" />
                <SequencePoint vc="0" uspid="748" ordinal="0" offset="96" sl="34" sc="13" el="34" ec="13" bec="0" bev="0" fileid="7" />
                <SequencePoint vc="2" uspid="749" ordinal="0" offset="97" sl="36" sc="13" el="36" ec="13" bec="0" bev="0" fileid="7" />
                <SequencePoint vc="1" uspid="750" ordinal="0" offset="123" sl="37" sc="13" el="37" ec="13" bec="0" bev="0" fileid="7" />
                <SequencePoint vc="1" uspid="751" ordinal="0" offset="124" sl="38" sc="17" el="38" ec="17" bec="0" bev="0" fileid="7" />
                <SequencePoint vc="1" uspid="752" ordinal="0" offset="137" sl="39" sc="17" el="39" ec="17" bec="0" bev="0" fileid="7" />
                <SequencePoint vc="1" uspid="753" ordinal="0" offset="139" sl="42" sc="13" el="42" ec="13" bec="0" bev="0" fileid="7" />
                <SequencePoint vc="2" uspid="754" ordinal="0" offset="158" sl="43" sc="9" el="43" ec="9" bec="0" bev="0" fileid="7" />
              </SequencePoints>
              <BranchPoints />
            </Method>
            <Method visited="true" cyclomaticComplexity="0" nPathComplexity="0" sequenceCoverage="100.0" branchCoverage="0" crapScore="0" isConstructor="false" isStatic="false" isGetter="false" isSetter="false">
              <Summary numSequencePoints="7" visitedSequencePoints="7" numBranchPoints="0" visitedBranchPoints="0" sequenceCoverage="100.0" branchCoverage="0" maxCyclomaticComplexity="0" minCyclomaticComplexity="0" maxCrapScore="0" minCrapScore="0" visitedClasses="0" numClasses="0" visitedMethods="1" numMethods="1" />
              <MetadataToken>100663349</MetadataToken>
              <Name>System.Void MVPFrogger.Views.PlayerView::OnTriggerEnter(UnityEngine.Collider)</Name>
              <FileRef uid="7" />
              <SequencePoints>
                <SequencePoint vc="1" uspid="755" ordinal="0" offset="0" sl="63" sc="9" el="63" ec="9" bec="0" bev="0" fileid="7" />
                <SequencePoint vc="1" uspid="756" ordinal="0" offset="1" sl="64" sc="13" el="64" ec="13" bec="0" bev="0" fileid="7" />
                <SequencePoint vc="1" uspid="757" ordinal="0" offset="18" sl="65" sc="13" el="65" ec="13" bec="0" bev="0" fileid="7" />
                <SequencePoint vc="1" uspid="758" ordinal="0" offset="38" sl="66" sc="13" el="66" ec="13" bec="0" bev="0" fileid="7" />
                <SequencePoint vc="1" uspid="759" ordinal="0" offset="39" sl="67" sc="17" el="67" ec="17" bec="0" bev="0" fileid="7" />
                <SequencePoint vc="1" uspid="760" ordinal="0" offset="57" sl="68" sc="13" el="68" ec="13" bec="0" bev="0" fileid="7" />
                <SequencePoint vc="1" uspid="761" ordinal="0" offset="58" sl="69" sc="9" el="69" ec="9" bec="0" bev="0" fileid="7" />
              </SequencePoints>
              <BranchPoints />
            </Method>
            <Method visited="true" cyclomaticComplexity="0" nPathComplexity="0" sequenceCoverage="100.0" branchCoverage="0" crapScore="0" isConstructor="true" isStatic="false" isGetter="false" isSetter="false">
              <Summary numSequencePoints="1" visitedSequencePoints="1" numBranchPoints="0" visitedBranchPoints="0" sequenceCoverage="100.0" branchCoverage="0" maxCyclomaticComplexity="0" minCyclomaticComplexity="0" maxCrapScore="0" minCrapScore="0" visitedClasses="0" numClasses="0" visitedMethods="1" numMethods="1" />
              <MetadataToken>100663350</MetadataToken>
              <Name>MVPFrogger.Views.PlayerView::PlayerView()</Name>
              <FileRef uid="7" />
              <SequencePoints>
                <SequencePoint vc="3" uspid="762" ordinal="0" offset="0" sl="13" sc="26" el="13" ec="26" bec="0" bev="0" fileid="7" />
              </SequencePoints>
              <BranchPoints />
            </Method>
          </Methods>
        </Class>
        <Class>
          <Summary numSequencePoints="3" visitedSequencePoints="3" numBranchPoints="0" visitedBranchPoints="0" sequenceCoverage="100.0" branchCoverage="0.0" maxCyclomaticComplexity="0" minCyclomaticComplexity="0" maxCrapScore="0" minCrapScore="0" visitedClasses="1" numClasses="1" visitedMethods="1" numMethods="1" />
          <FullName>MVPFrogger.Views.UnityApplicationQuitView</FullName>
          <Methods>
            <Method visited="true" cyclomaticComplexity="0" nPathComplexity="0" sequenceCoverage="100.0" branchCoverage="0" crapScore="0" isConstructor="false" isStatic="false" isGetter="false" isSetter="false">
              <Summary numSequencePoints="3" visitedSequencePoints="3" numBranchPoints="0" visitedBranchPoints="0" sequenceCoverage="100.0" branchCoverage="0" maxCyclomaticComplexity="0" minCyclomaticComplexity="0" maxCrapScore="0" minCrapScore="0" visitedClasses="0" numClasses="0" visitedMethods="1" numMethods="1" />
              <MetadataToken>100663351</MetadataToken>
              <Name>System.Void MVPFrogger.Views.UnityApplicationQuitView::Quit()</Name>
              <FileRef uid="8" />
              <SequencePoints>
                <SequencePoint vc="1" uspid="763" ordinal="0" offset="0" sl="9" sc="9" el="9" ec="9" bec="0" bev="0" fileid="8" />
                <SequencePoint vc="1" uspid="764" ordinal="0" offset="1" sl="10" sc="13" el="10" ec="13" bec="0" bev="0" fileid="8" />
                <SequencePoint vc="1" uspid="765" ordinal="0" offset="7" sl="11" sc="9" el="11" ec="9" bec="0" bev="0" fileid="8" />
              </SequencePoints>
              <BranchPoints />
            </Method>
          </Methods>
        </Class>
        <Class>
          <Summary numSequencePoints="25" visitedSequencePoints="15" numBranchPoints="0" visitedBranchPoints="0" sequenceCoverage="60.00" branchCoverage="0.0" maxCyclomaticComplexity="0" minCyclomaticComplexity="0" maxCrapScore="0" minCrapScore="0" visitedClasses="1" numClasses="1" visitedMethods="5" numMethods="5" />
          <FullName>MVPFrogger.Views.UnityCarSpawnerView</FullName>
          <Methods>
            <Method visited="true" cyclomaticComplexity="0" nPathComplexity="0" sequenceCoverage="100.0" branchCoverage="0" crapScore="0" isConstructor="false" isStatic="false" isGetter="false" isSetter="false">
              <Summary numSequencePoints="3" visitedSequencePoints="3" numBranchPoints="0" visitedBranchPoints="0" sequenceCoverage="100.0" branchCoverage="0" maxCyclomaticComplexity="0" minCyclomaticComplexity="0" maxCrapScore="0" minCrapScore="0" visitedClasses="0" numClasses="0" visitedMethods="1" numMethods="1" />
              <MetadataToken>100663353</MetadataToken>
              <Name>System.Void MVPFrogger.Views.UnityCarSpawnerView::Awake()</Name>
              <FileRef uid="9" />
              <SequencePoints>
                <SequencePoint vc="1" uspid="766" ordinal="0" offset="0" sl="18" sc="9" el="18" ec="9" bec="0" bev="0" fileid="9" />
                <SequencePoint vc="1" uspid="767" ordinal="0" offset="1" sl="19" sc="13" el="19" ec="13" bec="0" bev="0" fileid="9" />
                <SequencePoint vc="1" uspid="768" ordinal="0" offset="36" sl="20" sc="9" el="20" ec="9" bec="0" bev="0" fileid="9" />
              </SequencePoints>
              <BranchPoints />
            </Method>
            <Method visited="true" cyclomaticComplexity="0" nPathComplexity="0" sequenceCoverage="100.0" branchCoverage="0" crapScore="0" isConstructor="false" isStatic="false" isGetter="false" isSetter="false">
              <Summary numSequencePoints="3" visitedSequencePoints="3" numBranchPoints="0" visitedBranchPoints="0" sequenceCoverage="100.0" branchCoverage="0" maxCyclomaticComplexity="0" minCyclomaticComplexity="0" maxCrapScore="0" minCrapScore="0" visitedClasses="0" numClasses="0" visitedMethods="1" numMethods="1" />
              <MetadataToken>100663354</MetadataToken>
              <Name>System.Void MVPFrogger.Views.UnityCarSpawnerView::SpawnCar()</Name>
              <FileRef uid="9" />
              <SequencePoints>
                <SequencePoint vc="1" uspid="769" ordinal="0" offset="0" sl="23" sc="9" el="23" ec="9" bec="0" bev="0" fileid="9" />
                <SequencePoint vc="1" uspid="770" ordinal="0" offset="1" sl="24" sc="13" el="24" ec="13" bec="0" bev="0" fileid="9" />
                <SequencePoint vc="1" uspid="771" ordinal="0" offset="13" sl="25" sc="9" el="25" ec="9" bec="0" bev="0" fileid="9" />
              </SequencePoints>
              <BranchPoints />
            </Method>
            <Method visited="true" cyclomaticComplexity="0" nPathComplexity="0" sequenceCoverage="33.33" branchCoverage="0" crapScore="0" isConstructor="false" isStatic="false" isGetter="false" isSetter="false">
              <Summary numSequencePoints="15" visitedSequencePoints="5" numBranchPoints="0" visitedBranchPoints="0" sequenceCoverage="33.33" branchCoverage="0" maxCyclomaticComplexity="0" minCyclomaticComplexity="0" maxCrapScore="0" minCrapScore="0" visitedClasses="0" numClasses="0" visitedMethods="1" numMethods="1" />
              <MetadataToken>100663355</MetadataToken>
              <Name>UnityEngine.Transform MVPFrogger.Views.UnityCarSpawnerView::ResolveSpawnPoint()</Name>
              <FileRef uid="9" />
              <SequencePoints>
                <SequencePoint vc="1" uspid="772" ordinal="0" offset="0" sl="28" sc="9" el="28" ec="9" bec="0" bev="0" fileid="9" />
                <SequencePoint vc="1" uspid="773" ordinal="0" offset="1" sl="29" sc="13" el="29" ec="13" bec="0" bev="0" fileid="9" />
                <SequencePoint vc="1" uspid="774" ordinal="0" offset="16" sl="30" sc="13" el="30" ec="13" bec="0" bev="0" fileid="9" />
                <SequencePoint vc="1" uspid="775" ordinal="0" offset="17" sl="31" sc="17" el="31" ec="17" bec="0" bev="0" fileid="9" />
                <SequencePoint vc="0" uspid="776" ordinal="0" offset="26" sl="34" sc="13" el="34" ec="13" bec="0" bev="0" fileid="9" />
                <SequencePoint vc="0" uspid="777" ordinal="0" offset="34" sl="35" sc="18" el="35" ec="18" bec="0" bev="0" fileid="9" />
                <SequencePoint vc="0" uspid="778" ordinal="0" offset="38" sl="36" sc="13" el="36" ec="13" bec="0" bev="0" fileid="9" />
                <SequencePoint vc="0" uspid="779" ordinal="0" offset="39" sl="37" sc="17" el="37" ec="17" bec="0" bev="0" fileid="9" />
                <SequencePoint vc="0" uspid="780" ordinal="0" offset="72" sl="38" sc="17" el="38" ec="17" bec="0" bev="0" fileid="9" />
                <SequencePoint vc="0" uspid="781" ordinal="0" offset="73" sl="39" sc="21" el="39" ec="21" bec="0" bev="0" fileid="9" />
                <SequencePoint vc="0" uspid="782" ordinal="0" offset="79" sl="41" sc="13" el="41" ec="13" bec="0" bev="0" fileid="9" />
                <SequencePoint vc="0" uspid="783" ordinal="0" offset="80" sl="35" sc="50" el="35" ec="50" bec="0" bev="0" fileid="9" />
                <SequencePoint vc="0" uspid="784" ordinal="0" offset="84" sl="35" sc="29" el="35" ec="29" bec="0" bev="0" fileid="9" />
                <SequencePoint vc="0" uspid="785" ordinal="0" offset="96" sl="43" sc="13" el="43" ec="13" bec="0" bev="0" fileid="9" />
                <SequencePoint vc="1" uspid="786" ordinal="0" offset="105" sl="44" sc="9" el="44" ec="9" bec="0" bev="0" fileid="9" />
              </SequencePoints>
              <BranchPoints />
            </Method>
            <Method visited="true" cyclomaticComplexity="0" nPathComplexity="0" sequenceCoverage="100.0" branchCoverage="0" crapScore="0" isConstructor="false" isStatic="true" isGetter="false" isSetter="false">
              <Summary numSequencePoints="3" visitedSequencePoints="3" numBranchPoints="0" visitedBranchPoints="0" sequenceCoverage="100.0" branchCoverage="0" maxCyclomaticComplexity="0" minCyclomaticComplexity="0" maxCrapScore="0" minCrapScore="0" visitedClasses="0" numClasses="0" visitedMethods="1" numMethods="1" />
              <MetadataToken>100663356</MetadataToken>
              <Name>static System.Boolean MVPFrogger.Views.UnityCarSpawnerView::IsSpawnPoint(UnityEngine.Transform)</Name>
              <FileRef uid="9" />
              <SequencePoints>
                <SequencePoint vc="1" uspid="787" ordinal="0" offset="0" sl="47" sc="9" el="47" ec="9" bec="0" bev="0" fileid="9" />
                <SequencePoint vc="1" uspid="788" ordinal="0" offset="1" sl="48" sc="13" el="48" ec="13" bec="0" bev="0" fileid="9" />
                <SequencePoint vc="1" uspid="789" ordinal="0" offset="32" sl="49" sc="9" el="49" ec="9" bec="0" bev="0" fileid="9" />
              </SequencePoints>
              <BranchPoints />
            </Method>
            <Method visited="true" cyclomaticComplexity="0" nPathComplexity="0" sequenceCoverage="100.0" branchCoverage="0" crapScore="0" isConstructor="true" isStatic="false" isGetter="false" isSetter="false">
              <Summary numSequencePoints="1" visitedSequencePoints="1" numBranchPoints="0" visitedBranchPoints="0" sequenceCoverage="100.0" branchCoverage="0" maxCyclomaticComplexity="0" minCyclomaticComplexity="0" maxCrapScore="0" minCrapScore="0" visitedClasses="0" numClasses="0" visitedMethods="1" numMethods="1" />
              <MetadataToken>100663357</MetadataToken>
              <Name>MVPFrogger.Views.UnityCarSpawnerView::UnityCarSpawnerView()</Name>
              <FileRef uid="9" />
              <SequencePoints>
                <SequencePoint vc="1" uspid="790" ordinal="0" offset="0" sl="13" sc="26" el="13" ec="26" bec="0" bev="0" fileid="9" />
              </SequencePoints>
              <BranchPoints />
            </Method>
          </Methods>
        </Class>
        <Class>
          <Summary numSequencePoints="14" visitedSequencePoints="11" numBranchPoints="0" visitedBranchPoints="0" sequenceCoverage="78.57" branchCoverage="0.0" maxCyclomaticComplexity="0" minCyclomaticComplexity="0" maxCrapScore="0" minCrapScore="0" visitedClasses="1" numClasses="1" visitedMethods="4" numMethods="4" />
          <FullName>MVPFrogger.Views.UnitySceneNavigationView</FullName>
          <Methods>
            <Method visited="true" cyclomaticComplexity="0" nPathComplexity="0" sequenceCoverage="100.0" branchCoverage="0" crapScore="0" isConstructor="false" isStatic="false" isGetter="false" isSetter="false">
              <Summary numSequencePoints="3" visitedSequencePoints="3" numBranchPoints="0" visitedBranchPoints="0" sequenceCoverage="100.0" branchCoverage="0" maxCyclomaticComplexity="0" minCyclomaticComplexity="0" maxCrapScore="0" minCrapScore="0" visitedClasses="0" numClasses="0" visitedMethods="1" numMethods="1" />
              <MetadataToken>100663358</MetadataToken>
              <Name>System.Void MVPFrogger.Views.UnitySceneNavigationView::LoadGame()</Name>
              <FileRef uid="10" />
              <SequencePoints>
                <SequencePoint vc="1" uspid="791" ordinal="0" offset="0" sl="13" sc="9" el="13" ec="9" bec="0" bev="0" fileid="10" />
                <SequencePoint vc="1" uspid="792" ordinal="0" offset="1" sl="14" sc="13" el="14" ec="13" bec="0" bev="0" fileid="10" />
                <SequencePoint vc="1" uspid="793" ordinal="0" offset="13" sl="15" sc="9" el="15" ec="9" bec="0" bev="0" fileid="10" />
              </SequencePoints>
              <BranchPoints />
            </Method>
            <Method visited="true" cyclomaticComplexity="0" nPathComplexity="0" sequenceCoverage="100.0" branchCoverage="0" crapScore="0" isConstructor="false" isStatic="false" isGetter="false" isSetter="false">
              <Summary numSequencePoints="3" visitedSequencePoints="3" numBranchPoints="0" visitedBranchPoints="0" sequenceCoverage="100.0" branchCoverage="0" maxCyclomaticComplexity="0" minCyclomaticComplexity="0" maxCrapScore="0" minCrapScore="0" visitedClasses="0" numClasses="0" visitedMethods="1" numMethods="1" />
              <MetadataToken>100663359</MetadataToken>
              <Name>System.Void MVPFrogger.Views.UnitySceneNavigationView::LoadMainMenu()</Name>
              <FileRef uid="10" />
              <SequencePoints>
                <SequencePoint vc="1" uspid="794" ordinal="0" offset="0" sl="18" sc="9" el="18" ec="9" bec="0" bev="0" fileid="10" />
                <SequencePoint vc="1" uspid="795" ordinal="0" offset="1" sl="19" sc="13" el="19" ec="13" bec="0" bev="0" fileid="10" />
                <SequencePoint vc="1" uspid="796" ordinal="0" offset="13" sl="20" sc="9" el="20" ec="9" bec="0" bev="0" fileid="10" />
              </SequencePoints>
              <BranchPoints />
            </Method>
            <Method visited="true" cyclomaticComplexity="0" nPathComplexity="0" sequenceCoverage="50.00" branchCoverage="0" crapScore="0" isConstructor="false" isStatic="true" isGetter="false" isSetter="false">
              <Summary numSequencePoints="6" visitedSequencePoints="3" numBranchPoints="0" visitedBranchPoints="0" sequenceCoverage="50.00" branchCoverage="0" maxCyclomaticComplexity="0" minCyclomaticComplexity="0" maxCrapScore="0" minCrapScore="0" visitedClasses="0" numClasses="0" visitedMethods="1" numMethods="1" />
              <MetadataToken>100663360</MetadataToken>
              <Name>static System.Void MVPFrogger.Views.UnitySceneNavigationView::LoadScene(System.String)</Name>
              <FileRef uid="10" />
              <SequencePoints>
                <SequencePoint vc="2" uspid="797" ordinal="0" offset="0" sl="23" sc="9" el="23" ec="9" bec="0" bev="0" fileid="10" />
                <SequencePoint vc="2" uspid="798" ordinal="0" offset="1" sl="24" sc="13" el="24" ec="13" bec="0" bev="0" fileid="10" />
                <SequencePoint vc="0" uspid="799" ordinal="0" offset="14" sl="25" sc="13" el="25" ec="13" bec="0" bev="0" fileid="10" />
                <SequencePoint vc="0" uspid="800" ordinal="0" offset="15" sl="26" sc="17" el="26" ec="17" bec="0" bev="0" fileid="10" />
                <SequencePoint vc="0" uspid="801" ordinal="0" offset="22" sl="27" sc="13" el="27" ec="13" bec="0" bev="0" fileid="10" />
                <SequencePoint vc="2" uspid="802" ordinal="0" offset="23" sl="28" sc="9" el="28" ec="9" bec="0" bev="0" fileid="10" />
              </SequencePoints>
              <BranchPoints />
            </Method>
            <Method visited="true" cyclomaticComplexity="0" nPathComplexity="0" sequenceCoverage="100.0" branchCoverage="0" crapScore="0" isConstructor="true" isStatic="false" isGetter="false" isSetter="false">
              <Summary numSequencePoints="2" visitedSequencePoints="2" numBranchPoints="0" visitedBranchPoints="0" sequenceCoverage="100.0" branchCoverage="0" maxCyclomaticComplexity="0" minCyclomaticComplexity="0" maxCrapScore="0" minCrapScore="0" visitedClasses="0" numClasses="0" visitedMethods="1" numMethods="1" />
              <MetadataToken>100663361</MetadataToken>
              <Name>MVPFrogger.Views.UnitySceneNavigationView::UnitySceneNavigationView()</Name>
              <FileRef uid="10" />
              <SequencePoints>
                <SequencePoint vc="1" uspid="803" ordinal="0" offset="0" sl="9" sc="26" el="9" ec="26" bec="0" bev="0" fileid="10" />
                <SequencePoint vc="1" uspid="804" ordinal="0" offset="11" sl="10" sc="26" el="10" ec="26" bec="0" bev="0" fileid="10" />
              </SequencePoints>
              <BranchPoints />
            </Method>
          </Methods>
        </Class>
        <Class>
          <Summary numSequencePoints="23" visitedSequencePoints="19" numBranchPoints="0" visitedBranchPoints="0" sequenceCoverage="82.61" branchCoverage="0.0" maxCyclomaticComplexity="0" minCyclomaticComplexity="0" maxCrapScore="0" minCrapScore="0" visitedClasses="1" numClasses="1" visitedMethods="3" numMethods="3" />
          <FullName>MVPFrogger.Factories.UnityCarFactory</FullName>
          <Methods>
            <Method visited="true" cyclomaticComplexity="0" nPathComplexity="0" sequenceCoverage="77.78" branchCoverage="0" crapScore="0" isConstructor="false" isStatic="false" isGetter="false" isSetter="false">
              <Summary numSequencePoints="9" visitedSequencePoints="7" numBranchPoints="0" visitedBranchPoints="0" sequenceCoverage="77.78" branchCoverage="0" maxCyclomaticComplexity="0" minCyclomaticComplexity="0" maxCrapScore="0" minCrapScore="0" visitedClasses="0" numClasses="0" visitedMethods="1" numMethods="1" />
              <MetadataToken>100663456</MetadataToken>
              <Name>System.Void MVPFrogger.Factories.UnityCarFactory::CreateCar()</Name>
              <FileRef uid="26" />
              <SequencePoints>
                <SequencePoint vc="1" uspid="1068" ordinal="0" offset="0" sl="27" sc="9" el="27" ec="9" bec="0" bev="0" fileid="26" />
                <SequencePoint vc="1" uspid="1069" ordinal="0" offset="1" sl="28" sc="13" el="28" ec="13" bec="0" bev="0" fileid="26" />
                <SequencePoint vc="1" uspid="1070" ordinal="0" offset="8" sl="30" sc="13" el="30" ec="13" bec="0" bev="0" fileid="26" />
                <SequencePoint vc="0" uspid="1071" ordinal="0" offset="36" sl="31" sc="13" el="31" ec="13" bec="0" bev="0" fileid="26" />
                <SequencePoint vc="0" uspid="1072" ordinal="0" offset="37" sl="32" sc="17" el="32" ec="17" bec="0" bev="0" fileid="26" />
                <SequencePoint vc="1" uspid="1073" ordinal="0" offset="39" sl="35" sc="13" el="35" ec="13" bec="0" bev="0" fileid="26" />
                <SequencePoint vc="1" uspid="1074" ordinal="0" offset="74" sl="36" sc="13" el="36" ec="13" bec="0" bev="0" fileid="26" />
                <SequencePoint vc="1" uspid="1075" ordinal="0" offset="81" sl="37" sc="13" el="37" ec="13" bec="0" bev="0" fileid="26" />
                <SequencePoint vc="1" uspid="1076" ordinal="0" offset="99" sl="38" sc="9" el="38" ec="9" bec="0" bev="0" fileid="26" />
              </SequencePoints>
              <BranchPoints />
            </Method>
            <Method visited="true" cyclomaticComplexity="0" nPathComplexity="0" sequenceCoverage="71.43" branchCoverage="0" crapScore="0" isConstructor="false" isStatic="false" isGetter="false" isSetter="false">
              <Summary numSequencePoints="7" visitedSequencePoints="5" numBranchPoints="0" visitedBranchPoints="0" sequenceCoverage="71.43" branchCoverage="0" maxCyclomaticComplexity="0" minCyclomaticComplexity="0" maxCrapScore="0" minCrapScore="0" visitedClasses="0" numClasses="0" visitedMethods="1" numMethods="1" />
              <MetadataToken>100663457</MetadataToken>
              <Name>UnityEngine.GameObject MVPFrogger.Factories.UnityCarFactory::GetRandomPrefab()</Name>
              <FileRef uid="26" />
              <SequencePoints>
                <SequencePoint vc="1" uspid="1077" ordinal="0" offset="0" sl="41" sc="9" el="41" ec="9" bec="0" bev="0" fileid="26" />
                <SequencePoint vc="1" uspid="1078" ordinal="0" offset="1" sl="42" sc="13" el="42" ec="13" bec="0" bev="0" fileid="26" />
                <SequencePoint vc="0" uspid="1079" ordinal="0" offset="26" sl="43" sc="13" el="43" ec="13" bec="0" bev="0" fileid="26" />
                <SequencePoint vc="0" uspid="1080" ordinal="0" offset="27" sl="44" sc="17" el="44" ec="17" bec="0" bev="0" fileid="26" />
                <SequencePoint vc="1" uspid="1081" ordinal="0" offset="31" sl="47" sc="13" el="47" ec="13" bec="0" bev="0" fileid="26" />
                <SequencePoint vc="1" uspid="1082" ordinal="0" offset="46" sl="48" sc="13" el="48" ec="13" bec="0" bev="0" fileid="26" />
                <SequencePoint vc="1" uspid="1083" ordinal="0" offset="57" sl="49" sc="9" el="49" ec="9" bec="0" bev="0" fileid="26" />
              </SequencePoints>
              <BranchPoints />
            </Method>
            <Method visited="true" cyclomaticComplexity="0" nPathComplexity="0" sequenceCoverage="100.0" branchCoverage="0" crapScore="0" isConstructor="true" isStatic="false" isGetter="false" isSetter="false">
              <Summary numSequencePoints="7" visitedSequencePoints="7" numBranchPoints="0" visitedBranchPoints="0" sequenceCoverage="100.0" branchCoverage="0" maxCyclomaticComplexity="0" minCyclomaticComplexity="0" maxCrapScore="0" minCrapScore="0" visitedClasses="0" numClasses="0" visitedMethods="1" numMethods="1" />
              <MetadataToken>100663455</MetadataToken>
              <Name>MVPFrogger.Factories.UnityCarFactory::UnityCarFactory(UnityEngine.GameObject[], UnityEngine.Transform, UnityEngine.Transform, MVPFrogger.Configuration.CarMovementConfig)</Name>
              <FileRef uid="26" />
              <SequencePoints>
                <SequencePoint vc="1" uspid="1084" ordinal="0" offset="0" sl="14" sc="9" el="14" ec="9" bec="0" bev="0" fileid="26" />
                <SequencePoint vc="1" uspid="1085" ordinal="0" offset="7" sl="19" sc="9" el="19" ec="9" bec="0" bev="0" fileid="26" />
                <SequencePoint vc="1" uspid="1086" ordinal="0" offset="8" sl="20" sc="13" el="20" ec="13" bec="0" bev="0" fileid="26" />
                <SequencePoint vc="1" uspid="1087" ordinal="0" offset="15" sl="21" sc="13" el="21" ec="13" bec="0" bev="0" fileid="26" />
                <SequencePoint vc="1" uspid="1088" ordinal="0" offset="22" sl="22" sc="13" el="22" ec="13" bec="0" bev="0" fileid="26" />
                <SequencePoint vc="1" uspid="1089" ordinal="0" offset="29" sl="23" sc="13" el="23" ec="13" bec="0" bev="0" fileid="26" />
                <SequencePoint vc="1" uspid="1090" ordinal="0" offset="37" sl="24" sc="9" el="24" ec="9" bec="0" bev="0" fileid="26" />
              </SequencePoints>
              <BranchPoints />
            </Method>
          </Methods>
        </Class>
        <Class>
          <Summary numSequencePoints="15" visitedSequencePoints="15" numBranchPoints="0" visitedBranchPoints="0" sequenceCoverage="100.0" branchCoverage="0.0" maxCyclomaticComplexity="0" minCyclomaticComplexity="0" maxCrapScore="0" minCrapScore="0" visitedClasses="1" numClasses="1" visitedMethods="2" numMethods="2" />
          <FullName>MVPFrogger.Configuration.CarMovementConfig</FullName>
          <Methods>
            <Method visited="true" cyclomaticComplexity="0" nPathComplexity="0" sequenceCoverage="100.0" branchCoverage="0" crapScore="0" isConstructor="true" isStatic="false" isGetter="false" isSetter="false">
              <Summary numSequencePoints="6" visitedSequencePoints="6" numBranchPoints="0" visitedBranchPoints="0" sequenceCoverage="100.0" branchCoverage="0" maxCyclomaticComplexity="0" minCyclomaticComplexity="0" maxCrapScore="0" minCrapScore="0" visitedClasses="0" numClasses="0" visitedMethods="1" numMethods="1" />
              <MetadataToken>100663458</MetadataToken>
              <Name>MVPFrogger.Configuration.CarMovementConfig::CarMovementConfig()</Name>
              <FileRef uid="27" />
              <SequencePoints>
                <SequencePoint vc="1" uspid="1091" ordinal="0" offset="0" sl="8" sc="9" el="8" ec="9" bec="0" bev="0" fileid="27" />
                <SequencePoint vc="1" uspid="1092" ordinal="0" offset="11" sl="9" sc="9" el="9" ec="9" bec="0" bev="0" fileid="27" />
                <SequencePoint vc="1" uspid="1093" ordinal="0" offset="22" sl="10" sc="9" el="10" ec="9" bec="0" bev="0" fileid="27" />
                <SequencePoint vc="1" uspid="1094" ordinal="0" offset="29" sl="12" sc="9" el="12" ec="9" bec="0" bev="0" fileid="27" />
                <SequencePoint vc="1" uspid="1095" ordinal="0" offset="36" sl="13" sc="9" el="13" ec="9" bec="0" bev="0" fileid="27" />
                <SequencePoint vc="1" uspid="1096" ordinal="0" offset="37" sl="14" sc="9" el="14" ec="9" bec="0" bev="0" fileid="27" />
              </SequencePoints>
              <BranchPoints />
            </Method>
            <Method visited="true" cyclomaticComplexity="0" nPathComplexity="0" sequenceCoverage="100.0" branchCoverage="0" crapScore="0" isConstructor="true" isStatic="false" isGetter="false" isSetter="false">
              <Summary numSequencePoints="9" visitedSequencePoints="9" numBranchPoints="0" visitedBranchPoints="0" sequenceCoverage="100.0" branchCoverage="0" maxCyclomaticComplexity="0" minCyclomaticComplexity="0" maxCrapScore="0" minCrapScore="0" visitedClasses="0" numClasses="0" visitedMethods="1" numMethods="1" />
              <MetadataToken>100663459</MetadataToken>
              <Name>MVPFrogger.Configuration.CarMovementConfig::CarMovementConfig(System.Single, System.Single, System.Boolean)</Name>
              <FileRef uid="27" />
              <SequencePoints>
                <SequencePoint vc="1" uspid="1097" ordinal="0" offset="0" sl="8" sc="9" el="8" ec="9" bec="0" bev="0" fileid="27" />
                <SequencePoint vc="1" uspid="1098" ordinal="0" offset="11" sl="9" sc="9" el="9" ec="9" bec="0" bev="0" fileid="27" />
                <SequencePoint vc="1" uspid="1099" ordinal="0" offset="22" sl="10" sc="9" el="10" ec="9" bec="0" bev="0" fileid="27" />
                <SequencePoint vc="1" uspid="1100" ordinal="0" offset="29" sl="16" sc="9" el="16" ec="9" bec="0" bev="0" fileid="27" />
                <SequencePoint vc="1" uspid="1101" ordinal="0" offset="36" sl="17" sc="9" el="17" ec="9" bec="0" bev="0" fileid="27" />
                <SequencePoint vc="1" uspid="1102" ordinal="0" offset="37" sl="18" sc="13" el="18" ec="13" bec="0" bev="0" fileid="27" />
                <SequencePoint vc="1" uspid="1103" ordinal="0" offset="44" sl="19" sc="13" el="19" ec="13" bec="0" bev="0" fileid="27" />
                <SequencePoint vc="1" uspid="1104" ordinal="0" offset="51" sl="20" sc="13" el="20" ec="13" bec="0" bev="0" fileid="27" />
                <SequencePoint vc="1" uspid="1105" ordinal="0" offset="58" sl="21" sc="9" el="21" ec="9" bec="0" bev="0" fileid="27" />
              </SequencePoints>
              <BranchPoints />
            </Method>
          </Methods>
        </Class>
        <Class>
          <Summary numSequencePoints="13" visitedSequencePoints="13" numBranchPoints="0" visitedBranchPoints="0" sequenceCoverage="100.0" branchCoverage="0.0" maxCyclomaticComplexity="0" minCyclomaticComplexity="0" maxCrapScore="0" minCrapScore="0" visitedClasses="1" numClasses="1" visitedMethods="1" numMethods="1" />
          <FullName>MVPFrogger.Views.PlayerView/&lt;MoveTo&gt;d__11</FullName>
          <Methods>
            <Method visited="true" cyclomaticComplexity="0" nPathComplexity="0" sequenceCoverage="100.0" branchCoverage="0" crapScore="0" isConstructor="false" isStatic="false" isGetter="false" isSetter="false">
              <Summary numSequencePoints="13" visitedSequencePoints="13" numBranchPoints="0" visitedBranchPoints="0" sequenceCoverage="100.0" branchCoverage="0" maxCyclomaticComplexity="0" minCyclomaticComplexity="0" maxCrapScore="0" minCrapScore="0" visitedClasses="0" numClasses="0" visitedMethods="1" numMethods="1" />
              <MetadataToken>100663476</MetadataToken>
              <Name>System.Boolean MVPFrogger.Views.PlayerView/&lt;MoveTo&gt;d__11::MoveNext()</Name>
              <FileRef uid="7" />
              <SequencePoints>
                <SequencePoint vc="1" uspid="1194" ordinal="0" offset="34" sl="46" sc="9" el="46" ec="9" bec="0" bev="0" fileid="7" />
                <SequencePoint vc="1" uspid="1195" ordinal="0" offset="35" sl="47" sc="13" el="47" ec="13" bec="0" bev="0" fileid="7" />
                <SequencePoint vc="1" uspid="1196" ordinal="0" offset="57" sl="48" sc="13" el="48" ec="13" bec="0" bev="0" fileid="7" />
                <SequencePoint vc="23" uspid="1197" ordinal="0" offset="70" sl="51" sc="13" el="51" ec="13" bec="0" bev="0" fileid="7" />
                <SequencePoint vc="23" uspid="1198" ordinal="0" offset="71" sl="52" sc="17" el="52" ec="17" bec="0" bev="0" fileid="7" />
                <SequencePoint vc="23" uspid="1199" ordinal="0" offset="89" sl="53" sc="17" el="53" ec="17" bec="0" bev="0" fileid="7" />
                <SequencePoint vc="23" uspid="1200" ordinal="0" offset="118" sl="54" sc="17" el="54" ec="17" bec="0" bev="0" fileid="7" />
                <SequencePoint vc="23" uspid="1201" ordinal="0" offset="158" sl="55" sc="17" el="55" ec="17" bec="0" bev="0" fileid="7" />
                <SequencePoint vc="23" uspid="1202" ordinal="0" offset="181" sl="56" sc="13" el="56" ec="13" bec="0" bev="0" fileid="7" />
                <SequencePoint vc="24" uspid="1203" ordinal="0" offset="182" sl="50" sc="13" el="50" ec="13" bec="0" bev="0" fileid="7" />
                <SequencePoint vc="1" uspid="1204" ordinal="0" offset="208" sl="58" sc="13" el="58" ec="13" bec="0" bev="0" fileid="7" />
                <SequencePoint vc="1" uspid="1205" ordinal="0" offset="231" sl="59" sc="13" el="59" ec="13" bec="0" bev="0" fileid="7" />
                <SequencePoint vc="1" uspid="1206" ordinal="0" offset="243" sl="60" sc="9" el="60" ec="9" bec="0" bev="0" fileid="7" />
              </SequencePoints>
              <BranchPoints />
            </Method>
          </Methods>
        </Class>
      </Classes>
    </Module>
  </Modules>
</CoverageSession>